Sep 18 11:51:26 Alexandru-Petrisors-MacBook-Air CommCenter[314]: Connection interrupted!
Sep 18 11:51:26 Alexandru-Petrisors-MacBook-Air WirelessRadioManagerd[5418]: Init Platform
Sep 18 11:51:26 Alexandru-Petrisors-MacBook-Air WirelessRadioManagerd[5418]: Warn : Only iRAT supported
Sep 18 11:51:26 Alexandru-Petrisors-MacBook-Air WirelessRadioManagerd[5418]: LogEnable read from preference FALSE
Sep 18 11:51:26 Alexandru-Petrisors-MacBook-Air WirelessRadioManagerd[5418]: LogToFile read from preference FALSE
Sep 18 11:51:26 Alexandru-Petrisors-MacBook-Air WirelessRadioManagerd[5418]: LogLevels read from preference 0x00030003 COEX_Error|COEX_Warning|IRAT_Error|IRAT_Warning|
Sep 18 11:51:26 Alexandru-Petrisors-MacBook-Air WirelessRadioManagerd[5418]: ConfigInfo not Found
Sep 18 11:51:26 Alexandru-Petrisors-MacBook-Air WirelessRadioManagerd[5418]: Active WRM Policies on this platform (255) is Coex :0 iRAT:1 Logging :0:22
Sep 18 11:51:26 Alexandru-Petrisors-MacBook-Air WirelessRadioManagerd[5418]: HandoverAlert read from preference FALSE
Sep 18 11:51:26 Alexandru-Petrisors-MacBook-Air awdd[5419]: AutoSubmitPreference is (null)
Sep 18 11:51:27 --- last message repeated 1 time ---
Sep 18 11:51:27 Alexandru-Petrisors-MacBook-Air kernel[0]: memorystatus_thread: idle exiting pid 5263 [sysmond]
Sep 18 11:51:28 Alexandru-Petrisors-MacBook-Air kernel[0]: memorystatus_thread: idle exiting pid 5319 [amfid]
Sep 18 11:51:29 Alexandru-Petrisors-MacBook-Air kernel[0]: memorystatus_thread: idle exiting pid 5292 [suggestd]
Sep 18 11:51:29 Alexandru-Petrisors-MacBook-Air airportd[67]: SecTaskLoadEntitlements failed error=22
Sep 18 11:51:30 --- last message repeated 1 time ---
Sep 18 11:51:30 Alexandru-Petrisors-MacBook-Air kernel[0]: memorystatus_thread: idle exiting pid 5262 [systemstatsd]
Sep 18 11:51:31 Alexandru-Petrisors-MacBook-Air kernel[0]: memorystatus_thread: idle exiting pid 5240 [AirPlayUIAgent]
Sep 18 11:51:32 Alexandru-Petrisors-MacBook-Air kernel[0]: memorystatus_thread: idle exiting pid 5261 [com.apple.Perfor]
Sep 18 11:51:33 Alexandru-Petrisors-MacBook-Air kernel[0]: memorystatus_thread: idle exiting pid 5267 [swcd]
Sep 18 11:51:34 Alexandru-Petrisors-MacBook-Air kernel[0]: memorystatus_thread: idle exiting pid 5271 [ContainerMetadat]
Sep 18 11:51:35 Alexandru-Petrisors-MacBook-Air kernel[0]: memorystatus_thread: idle exiting pid 5260 [tccd]
Sep 18 11:51:36 Alexandru-Petrisors-MacBook-Air kernel[0]: memorystatus_thread: idle exiting pid 5227 [com.apple.Addres]
Sep 18 11:51:37 Alexandru-Petrisors-MacBook-Air kernel[0]: memorystatus_thread: idle exiting pid 5228 [accountsd]
Sep 18 11:51:38 Alexandru-Petrisors-MacBook-Air kernel[0]: memorystatus_thread: idle exiting pid 5243 [aslmanager]
Sep 18 11:51:39 Alexandru-Petrisors-MacBook-Air airportd[67]: SecTaskLoadEntitlements failed error=22
Sep 18 11:51:39 --- last message repeated 1 time ---
Sep 18 11:51:39 Alexandru-Petrisors-MacBook-Air kernel[0]: memorystatus_thread: idle exiting pid 5410 [soagent]
Sep 18 11:51:39 Alexandru-Petrisors-MacBook-Air com.apple.dock.extra[437]: SOHelperCenter main connection interrupted
Sep 18 11:51:40 Alexandru-Petrisors-MacBook-Air kernel[0]: memorystatus_thread: idle exiting pid 5242 [deleted]
Sep 18 11:51:40 Alexandru-Petrisors-MacBook-Air accountsd[5433]: [Warning] Services all disappeared, removing all accounts
Sep 18 11:51:40 Alexandru-Petrisors-MacBook-Air accountsd[5433]: [Warning] Services all disappeared, removing all enabled accounts
Sep 18 11:51:40 Alexandru-Petrisors-MacBook-Air accountsd[5433]: [Warning] Services all disappeared, removing all dependent devices
Sep 18 11:51:40 Alexandru-Petrisors-MacBook-Air diagnosticd[5435]: ostraceutil returned error 18176 while linking caches
Sep 18 11:51:41 Alexandru-Petrisors-MacBook-Air sandboxd[5437] ([5436]): ostraceutil(5436) System Policy: deny forbidden-link-priv
Sep 18 11:51:41 --- last message repeated 3 times ---
Sep 18 11:51:41 Alexandru-Petrisors-MacBook-Air kernel[0]: memorystatus_thread: idle exiting pid 5235 [coreduetd]
Sep 18 11:51:41 Alexandru-Petrisors-MacBook-Air com.apple.CDScheduler[309]: Thermal pressure state: 0 Memory pressure state: 1
Sep 18 11:51:41 Alexandru-Petrisors-MacBook-Air coreduetd[5440]: CoreData: Failed to load optimized model at path '/System/Library/PrivateFrameworks/CoreDuetDataModel.framework/Resources/CoreDuetDataModel-PR-19621179.omo'
Sep 18 11:51:42 Alexandru-Petrisors-MacBook-Air kernel[0]: memorystatus_thread: idle exiting pid 5241 [com.apple.CodeSi]
Sep 18 11:51:42 Alexandru-Petrisors-MacBook-Air networkd[214]: -[NETProxyLookup pacLookupComplete:proxies:error:] PAC evaluation error: Error Domain=kCFErrorDomainCFNetwork Code=2 "(null)" UserInfo={kCFGetAddrInfoFailureKey=8}
Sep 18 11:51:42 Alexandru-Petrisors-MacBook-Air airportd[67]: SecTaskLoadEntitlements failed error=22
Sep 18 11:51:43 --- last message repeated 1 time ---
Sep 18 11:51:43 Alexandru-Petrisors-MacBook-Air kernel[0]: memorystatus_thread: idle exiting pid 5418 [WirelessRadioMan]
Sep 18 11:51:43 Alexandru-Petrisors-MacBook-Air CommCenter[314]: Connection interrupted!
Sep 18 11:51:43 Alexandru-Petrisors-MacBook-Air WirelessRadioManagerd[5444]: Init Platform
Sep 18 11:51:43 Alexandru-Petrisors-MacBook-Air WirelessRadioManagerd[5444]: Warn : Only iRAT supported
Sep 18 11:51:43 Alexandru-Petrisors-MacBook-Air WirelessRadioManagerd[5444]: LogEnable read from preference FALSE
Sep 18 11:51:43 Alexandru-Petrisors-MacBook-Air WirelessRadioManagerd[5444]: LogToFile read from preference FALSE
Sep 18 11:51:43 Alexandru-Petrisors-MacBook-Air WirelessRadioManagerd[5444]: LogLevels read from preference 0x00030003 COEX_Error|COEX_Warning|IRAT_Error|IRAT_Warning|
Sep 18 11:51:43 Alexandru-Petrisors-MacBook-Air WirelessRadioManagerd[5444]: ConfigInfo not Found
Sep 18 11:51:43 Alexandru-Petrisors-MacBook-Air WirelessRadioManagerd[5444]: Active WRM Policies on this platform (255) is Coex :0 iRAT:1 Logging :0:18
Sep 18 11:51:43 Alexandru-Petrisors-MacBook-Air WirelessRadioManagerd[5444]: HandoverAlert read from preference FALSE
Sep 18 11:51:43 Alexandru-Petrisors-MacBook-Air networkd[214]: -[NETProxyLookup pacLookupComplete:proxies:error:] PAC evaluation error: Error Domain=kCFErrorDomainCFNetwork Code=2 "(null)" UserInfo={kCFGetAddrInfoFailureKey=8}
Sep 18 11:51:44 Alexandru-Petrisors-MacBook-Air kernel[0]: memorystatus_thread: idle exiting pid 5226 [secinitd]
Sep 18 11:51:45 Alexandru-Petrisors-MacBook-Air kernel[0]: memorystatus_thread: idle exiting pid 5429 [AirPlayUIAgent]
Sep 18 11:51:45 Alexandru-Petrisors-MacBook-Air secinitd[5447]: UID[501]: cache loaded: /System/Library/Caches/com.apple.app-sandbox-cache.plist
Sep 18 11:51:45 Alexandru-Petrisors-MacBook-Air secd[5449]:  __SOSUpdateKeyInterest_block_invoke_2 Error getting ring interests (null)
Sep 18 11:51:45 Alexandru-Petrisors-MacBook-Air CloudKeychainProxy[5450]:  __45-[UbiqitousKVSProxy doEnsurePeerRegistration]_block_invoke <UB---e-C---> ensurePeerRegistration called, success ((null))
Sep 18 11:51:46 Alexandru-Petrisors-MacBook-Air kernel[0]: memorystatus_thread: idle exiting pid 5419 [awdd]
Sep 18 11:51:47 Alexandru-Petrisors-MacBook-Air kernel[0]: memorystatus_thread: idle exiting pid 5259 [cfprefsd]
Sep 18 11:51:48 Alexandru-Petrisors-MacBook-Air networkd[214]: -[NETProxyLookup pacLookupComplete:proxies:error:] PAC evaluation error: Error Domain=kCFErrorDomainCFNetwork Code=2 "(null)" UserInfo={kCFGetAddrInfoFailureKey=8}
Sep 18 11:51:51 --- last message repeated 2 times ---
Sep 18 11:51:51 Alexandru-Petrisors-MacBook-Air com.apple.CDScheduler[48]: Thermal pressure state: 0 Memory pressure state: 1
Sep 18 11:51:51 Alexandru-Petrisors-MacBook-Air networkd[214]: -[NETProxyLookup pacLookupComplete:proxies:error:] PAC evaluation error: Error Domain=kCFErrorDomainCFNetwork Code=2 "(null)" UserInfo={kCFGetAddrInfoFailureKey=8}
Sep 18 11:51:51 --- last message repeated 2 times ---
Sep 18 11:51:51 Alexandru-Petrisors-MacBook-Air GitHub Desktop[1815]: *** Caught exception setting key "diskUsage" : [<OCTOrganization 0x7f8be5f0bb40> setNilValueForKey]: could not set nil as the value for the key diskUsage.
Sep 18 11:51:51 Alexandru-Petrisors-MacBook-Air GitHub Desktop[1815]: [1815] (v220) __49-[GHPersistentStateManager refreshOrgsFromServer]_block_invoke_3 [Line 932] Error fetching detailed information for organization <OCTOrganization: 0x7f8be55a8700> {
	    HTMLURL = "<null>";
	    avatarURL = "https://avatars.githubusercontent.com/u/1072027?v=3";
	    bio = "<null>";
	    blog = "<null>";
	    collaborators = 0;
	    company = "<null>";
	    diskUsage = 0;
	    email = "<null>";
	    followers = 0;
	    following = 0;
	    location = "<null>";
	    login = "TU-Berlin-DIMA";
	    name = "TU-Berlin-DIMA";
	    objectID = 1072027;
	    plan = "<null>";
	    privateGistCount = 0;
	    privateRepoCount = 0;
	    publicGistCount = 0;
	    publicRepoCount = 0;
	    repositories =     (
	        "<OCTRepository: 0x7f8be2e87150> {\n    HTMLURL = \"https://github.com/TU-Berlin-DIMA/myriad-toolkit\";\n    HTTPSURL = \"https://github.com/TU-Berlin-DIMA/myriad-toolkit.git\";\n    SSHURL = \"git@github.com:TU-Berlin-DIMA/myriad-toolkit.git\";\n    dateCreated = \"2011-09-22 19:15:06 +0000\";\n    datePushed = \"2014-10-28 15:42:59 +0000\";\n    dateUpdated = \"2016-04-07 20:46:57 +0000\";\n    defaultBranch = master;\n    fork = 0;\n    forkParent = \"<null>\";\n    forkSource = \"<null>\";\n    forksCount = 2;\n    gitURL = \"git://github.com/TU-Berlin-DIMA/myriad-toolkit.git\";\n    language = \"C++\";\n    name = \"myriad-toolkit\";\n    objectID = 2439415;\n    openIssuesCount = 2;\n    ownerAvatarURL = \"https://avatars.githubusercontent.com/u/1072027?v=3\";\n    ownerLogin = \"TU-Berlin-DIMA\";\n    private = 0;\n    repoDescription = \"Myriad Prallel Data Generator Toolkit\";\n    server = \"<OCTServer: 0x7f8be2e8ddf0> {\\n    baseURL = \\\"<null>\\\";\\n}\";\n    stargazersCount = 13;\n    subscribersCount = 0;\n    textMatches = \"<null>\";\n    watchersCount = 13;\n}",
	        "<OCTRepository: 0x7f8be2d899f0> {\n    HTMLURL = \"https://github.com/TU-Berlin-DIMA/myriad-demo\";\n    HTTPSURL = \"https://github.com/TU-Berlin-DIMA/myriad-demo.git\";\n    SSHURL = \"git@github.com:TU-Berlin-DIMA/myriad-demo.git\";\n    dateCreated = \"2011-10-09 15:31:42 +0000\";\n    datePushed = \"2011-10-28 11:59:52 +0000\";\n    dateUpdated = \"2015-10-22 10:39:59 +0000\";\n    defaultBranch = master;\n    fork = 0;\n    forkParent = \"<null>\";\n    forkSource = \"<null>\";\n    forksCount = 0;\n    gitURL = \"git://github.com/TU-Berlin-DIMA/myriad-demo.git\";\n    language = \"C++\";\n    name = \"myriad-demo\";\n    objectID = 2543104;\n    openIssuesCount = 0;\n    ownerAvatarURL = \"https://avatars.githubusercontent.com/u/1072027?v=3\";\n    ownerLogin = \"TU-Berlin-DIMA\";\n    private = 0;\n    repoDescription = \"A simple generator for social graphs demonstrating the features of the Myriad toolkit.\";\n    server = \"<OCTServer: 0x7f8be2e8ddf0> {\\n    baseURL = \\\"<null>\\\";\\n}\";\n    stargazersCount = 2;\n    subscribersCount = 0;\n    textMatches = \"<null>\";\n    watchersCount = 2;\n}",
	        "<OCTRepository: 0x7f8be2e87220> {\n    HTMLURL = \"https://github.com/TU-Berlin-DIMA/myriad-tests\";\n    HTTPSURL = \"https://github.com/TU-Berlin-DIMA/myriad-tests.git\";\n    SSHURL = \"git@github.com:TU-Berlin-DIMA/myriad-tests.git\";\n    dateCreated = \"2011-10-12 01:29:13 +0000\";\n    datePushed = \"2014-10-01 15:55:18 +0000\";\n    dateUpdated = \"2014-09-17 13:12:23 +0000\";\n    defaultBranch = master;\n    fork = 0;\n    forkParent = \"<null>\";\n    forkSource = \"<null>\";\n    forksCount = 0;\n    gitURL = \"git://github.com/TU-Berlin-DIMA/myriad-tests.git\";\n    language = \"C++\";\n    name = \"myriad-tests\";\n    objectID = 2559493;\n    openIssuesCount = 0;\n    ownerAvatarURL = \"https://avatars.githubusercontent.com/u/1072027?v=3\";\n    ownerLogin = \"TU-Berlin-DIMA\";\n    private = 0;\n    repoDescription = \"A project containing a set of unit-tests for the Myriad toolkit.\";\n    server = \"<OCTServer: 0x7f8be2e8ddf0> {\\n    baseURL = \\\"<null>\\\";\\n}\";\n    stargazersCount = 0;\n    subscribersCount = 0;\n    textMatches = \"<null>\";\n    watchersCount = 0;\n}",
	        "<OCTRepository: 0x7f8be2e98080> {\n    HTMLURL = \"https://github.com/TU-Berlin-DIMA/vldb-demo\";\n    HTTPSURL = \"https://github.com/TU-Berlin-DIMA/vldb-demo.git\";\n    SSHURL = \"git@github.com:TU-Berlin-DIMA/vldb-demo.git\";\n    dateCreated = \"2012-08-27 19:30:07 +0000\";\n    datePushed = \"2012-09-25 23:03:44 +0000\";\n    dateUpdated = \"2013-10-01 11:05:31 +0000\";\n    defaultBranch = master;\n    fork = 0;\n    forkParent = \"<null>\";\n    forkSource = \"<null>\";\n    forksCount = 0;\n    gitURL = \"git://github.com/TU-Berlin-DIMA/vldb-demo.git\";\n    language = \"C++\";\n    name = \"vldb-demo\";\n    objectID = 5575911;\n    openIssuesCount = 0;\n    ownerAvatarURL = \"https://avatars.githubusercontent.com/u/1072027?v=3\";\n    ownerLogin = \"TU-Berlin-DIMA\";\n    private = 0;\n    repoDescription = \"A sample Myriad Toolkit demo generator presented at VLDB2012.\";\n    server = \"<OCTServer: 0x7f8be2e8ddf0> {\\n    baseURL = \\\"<null>\\\";\\n}\";\n    stargazersCount = 1;\n    subscribersCount = 0;\n    textMatches = \"<null>\";\n    watchersCount = 1;\n}",
	        "<OCTRepository: 0x7f8be2d8b250> {\n    HTMLURL = \"https://github.com/TU-Berlin-DIMA/myriad-driver\";\n    HTTPSURL = \"https://github.com/TU-Berlin-DIMA/myriad-driver.git\";\n    SSHURL = \"git@github.com:TU-Berlin-DIMA/myriad-driver.git\";\n    dateCreated = \"2013-02-04 18:15:57 +0000\";\n    datePushed = \"2013-02-13 16:41:15 +0000\";\n    dateUpdated = \"2013-11-03 07:18:53 +0000\";\n    defaultBranch = master;\n    fork = 0;\n    forkParent = \"<null>\";\n    forkSource = \"<null>\";\n    forksCount = 0;\n    gitURL = \"git://github.com/TU-Berlin-DIMA/myriad-driver.git\";\n    language = Java;\n    name = \"myriad-driver\";\n    objectID = 8013110;\n    openIssuesCount = 0;\n    ownerAvatarURL = \"https://avatars.githubusercontent.com/u/1072027?v=3\";\n    ownerLogin = \"TU-Berlin-DIMA\";\n    private = 0;\n    repoDescription = \"\";\n    server = \"<OCTServer: 0x7f8be2e8ddf0> {\\n    baseURL = \\\"<null>\\\";\\n}\";\n    stargazersCount = 1;\n    subscribersCount = 0;\n    textMatches = \"<null>\";\n    watchersCount = 1;\n}",
	        "<OCTRepository: 0x7f8be2d8b320> {\n    HTMLURL = \"https://github.com/TU-Berlin-DIMA/logns-gen\";\n    HTTPSURL = \"https://github.com/TU-Berlin-DIMA/logns-gen.git\";\n    SSHURL = \"git@github.com:TU-Berlin-DIMA/logns-gen.git\";\n    dateCreated = \"2013-06-29 23:41:49 +0000\";\n    datePushed = \"2013-07-03 09:29:42 +0000\";\n    dateUpdated = \"2013-07-03 09:29:43 +0000\";\n    defaultBranch = master;\n    fork = 0;\n    forkParent = \"<null>\";\n    forkSource = \"<null>\";\n    forksCount = 0;\n    gitURL = \"git://github.com/TU-Berlin-DIMA/logns-gen.git\";\n    language = \"C++\";\n    name = \"logns-gen\";\n    objectID = 11061550;\n    openIssuesCount = 0;\n    ownerAvatarURL = \"https://avatars.githubusercontent.com/u/1072027?v=3\";\n    ownerLogin = \"TU-Berlin-DIMA\";\n    private = 0;\n    repoDescription = \"Synthetic generator of nested sets data modelling package delifery logs.\";\n    server = \"<OCTServer: 0x7f8be2e8ddf0> {\\n    baseURL = \\\"<null>\\\";\\n}\";\n    stargazersCount = 0;\n    subscribersCount = 0;\n    textMatches = \"<null>\";\n    watchersCount = 0;\n}",
	        "<OCTRepository: 0x7f8be2d8bed0> {\n    HTMLURL = \"https://github.com/TU-Berlin-DIMA/tpch-gen\";\n    HTTPSURL = \"https://github.com/TU-Berlin-DIMA/tpch-gen.git\";\n    SSHURL = \"git@github.com:TU-Berlin-DIMA/tpch-gen.git\";\n    dateCreated = \"2013-10-21 11:24:42 +0000\";\n    datePushed = \"2014-09-10 13:15:03 +0000\";\n    dateUpdated = \"2015-11-06 12:08:11 +0000\";\n    defaultBranch = master;\n    fork = 0;\n    forkParent = \"<null>\";\n    forkSource = \"<null>\";\n    forksCount = 0;\n    gitURL = \"git://github.com/TU-Berlin-DIMA/tpch-gen.git\";\n    language = \"C++\";\n    name = \"tpch-gen\";\n    objectID = 13740341;\n    openIssuesCount = 0;\n    ownerAvatarURL = \"https://avatars.githubusercontent.com/u/1072027?v=3\";\n    ownerLogin = \"TU-Berlin-DIMA\";\n    private = 0;\n    repoDescription = \"An parallel implementation of the TPC-H data generator using the Myriad toolkit.\";\n    server = \"<OCTServer: 0x7f8be2e8ddf0> {\\n    baseURL = \\\"<null>\\\";\\n}\";\n    stargazersCount = 2;\n    subscribersCount = 0;\n    textMatches = \"<null>\";\n    watchersCount = 2;\n}",
	        "<OCTRepository: 0x7f8be2d8c470> {\n    HTMLURL = \"https://github.com/TU-Berlin-DIMA/dopa-vm\";\n    HTTPSURL = \"https://github.com/TU-Berlin-DIMA/dopa-vm.git\";\n    SSHURL = \"git@github.com:TU-Berlin-DIMA/dopa-vm.git\";\n    dateCreated = \"2013-10-29 00:02:34 +0000\";\n    datePushed = \"2013-10-29 00:00:15 +0000\";\n    dateUpdated = \"2013-10-29 00:02:34 +0000\";\n    defaultBranch = master;\n    fork = 1;\n    forkParent = \"<null>\";\n    forkSource = \"<null>\";\n    forksCount = 0;\n    gitURL = \"git://github.com/TU-Berlin-DIMA/dopa-vm.git\";\n    language = Ruby;\n    name = \"dopa-vm\";\n    objectID = 13942057;\n    openIssuesCount = 0;\n    ownerAvatarURL = \"https://avatars.githubusercontent.com/u/1072027?v=3\";\n    ownerLogin = \"TU-Berlin-DIMA\";\n    private = 0;\n    repoDescription = \"Virtual machine for testing provided by the the DOPA project.\";\n    server = \"<OCTServer: 0x7f8be2e8ddf0> {\\n    baseURL = \\\"<null>\\\";\\n}\";\n    stargazersCount = 0;\n    subscribersCount = 0;\n    textMatches = \"<null>\";\n    watchersCount = 0;\n}",
	        "<OCTRepository: 0x7f8be2d8ca10> {\n    HTMLURL = \"https://github.com/TU-Berlin-DIMA/clickstream-gen\";\n    HTTPSURL = \"https://github.com/TU-Berlin-DIMA/clickstream-gen.git\";\n    SSHURL = \"git@github.com:TU-Berlin-DIMA/clickstream-gen.git\";\n    dateCreated = \"2014-02-10 13:50:14 +0000\";\n    datePushed = \"2014-02-20 15:01:19 +0000\";\n    dateUpdated = \"2015-10-22 10:40:03 +0000\";\n    defaultBranch = master;\n    fork = 0;\n    forkParent = \"<null>\";\n    forkSource = \"<null>\";\n    forksCount = 0;\n    gitURL = \"git://github.com/TU-Berlin-DIMA/clickstream-gen.git\";\n    language = \"C++\";\n    name = \"clickstream-gen\";\n    objectID = 16696626;\n    openIssuesCount = 0;\n    ownerAvatarURL = \"https://avatars.githubusercontent.com/u/1072027?v=3\";\n    ownerLogin = \"TU-Berlin-DIMA\";\n    private = 0;\n    repoDescription = \"Simple generator of synthetic clickstreams\";\n    server = \"<OCTServer: 0x7f8be2e8ddf0> {\\n    baseURL = \\\"<null>\\\";\\n}\";\n    stargazersCount = 1;\n    subscribersCount = 0;\n    textMatches = \"<null>\";\n    watchersCount = 1;\n}",
	        "<OCTRepository: 0x7f8be2e35eb0> {\n    HTMLURL = \"https://github.com/TU-Berlin-DIMA/wordcount-gen\";\n    HTTPSURL = \"https://github.com/TU-Berlin-DIMA/wordcount-gen.git\";\n    SSHURL = \"git@github.com:TU-Berlin-DIMA/wordcount-gen.git\";\n    dateCreated = \"2014-02-12 12:22:45 +0000\";\n    datePushed = \"2014-02-12 12:26:31 +0000\";\n    dateUpdated = \"2015-10-22 10:40:01 +0000\";\n    defaultBranch = master;\n    fork = 0;\n    forkParent = \"<null>\";\n    forkSource = \"<null>\";\n    forksCount = 0;\n    gitURL = \"git://github.com/TU-Berlin-DIMA/wordcount-gen.git\";\n    language = \"C++\";\n    name = \"wordcount-gen\";\n    objectID = 16766279;\n    openIssuesCount = 0;\n    ownerAvatarURL = \"https://avatars.githubusercontent.com/u/1072027?v=3\";\n    ownerLogin = \"TU-Berlin-DIMA\";\n    private = 0;\n    repoDescription = \"An parallel generator of long-tailed random word sequences using the Myriad toolkit.\";\n    server = \"<OCTServer: 0x7f8be2e8ddf0> {\\n    baseURL = \\\"<null>\\\";\\n}\";\n    stargazersCount = 2;\n    subscribersCount = 0;\n    textMatches = \"<null>\";\n    watchersCount = 2;\n}",
	        "<OCTRepository: 0x7f8be2d8d630> {\n    HTMLURL = \"https://github.com/TU-Berlin-DIMA/tera-gen\";\n    HTTPSURL = \"https://github.com/TU-Berlin-DIMA/tera-gen.git\";\n    SSHURL = \"git@github.com:TU-Berlin-DIMA/tera-gen.git\";\n    dateCreated = \"2014-02-12 12:30:07 +0000\";\n    datePushed = \"2014-02-12 12:34:07 +0000\";\n    dateUpdated = \"2014-02-16 19:36:15 +0000\";\n    defaultBranch = master;\n    fork = 0;\n    forkParent = \"<null>\";\n    forkSource = \"<null>\";\n    forksCount = 0;\n    gitURL = \"git://github.com/TU-Berlin-DIMA/tera-gen.git\";\n    language = \"C++\";\n    name = \"tera-gen\";\n    objectID = 16766454;\n    openIssuesCount = 0;\n    ownerAvatarURL = \"https://avatars.githubusercontent.com/u/1072027?v=3\";\n    ownerLogin = \"TU-Berlin-DIMA\";\n    private = 0;\n    repoDescription = \"An parallel generator for the TeraSort benchmark using the Myriad toolkit.\";\n    server = \"<OCTServer: 0x7f8be2e8ddf0> {\\n    baseURL = \\\"<null>\\\";\\n}\";\n    stargazersCount = 0;\n    subscribersCount = 0;\n    textMatches = \"<null>\";\n    watchersCount = 0;\n}",
	        "<OCTRepository: 0x7f8be2c7de10> {\n    HTMLURL = \"https://github.com/TU-Berlin-DIMA/oligos\";\n    HTTPSURL = \"https://github.com/TU-Berlin-DIMA/oligos.git\";\n    SSHURL = \"git@github.com:TU-Berlin-DIMA/oligos.git\";\n    dateCreated = \"2014-03-04 14:36:06 +0000\";\n    datePushed = \"2014-10-27 13:49:39 +0000\";\n    dateUpdated = \"2014-09-11 14:04:06 +0000\";\n    defaultBranch = master;\n    fork = 0;\n    forkParent = \"<null>\";\n    forkSource = \"<null>\";\n    forksCount = 1;\n    gitURL = \"git://github.com/TU-Berlin-DIMA/oligos.git\";\n    language = Java;\n    name = oligos;\n    objectID = 17405125;\n    openIssuesCount = 0;\n    ownerAvatarURL = \"https://avatars.githubusercontent.com/u/1072027?v=3\";\n    ownerLogin = \"TU-Berlin-DIMA\";\n    private = 0;\n    repoDescription = \"A database profiler for Myriad Toolkit\";\n    server = \"<OCTServer: 0x7f8be2e8ddf0> {\\n    baseURL = \\\"<null>\\\";\\n}\";\n    stargazersCount = 0;\n    subscribersCount = 0;\n    textMatches = \"<null>\";\n    watchersCount = 0;\n}",
	        "<OCTRepository: 0x7f8be2c7d5f0> {\n    HTMLURL = \"https://github.com/TU-Berlin-DIMA/scrum-tools\";\n    HTTPSURL = \"https://github.com/TU-Berlin-DIMA/scrum-tools.git\";\n    SSHURL = \"git@github.com:TU-Berlin-DIMA/scrum-tools.git\";\n    dateCreated = \"2014-04-22 12:59:56 +0000\";\n    datePushed = \"2014-11-11 15:09:09 +0000\";\n    dateUpdated = \"2015-05-23 05:19:32 +0000\";\n    defaultBranch = master;\n    fork = 0;\n    forkParent = \"<null>\";\n    forkSource = \"<null>\";\n    forksCount = 1;\n    gitURL = \"git://github.com/TU-Berlin-DIMA/scrum-tools.git\";\n    language = Python;\n    name = \"scrum-tools\";\n    objectID = 19029635;\n    openIssuesCount = 0;\n    ownerAvatarURL = \"https://avatars.githubusercontent.com/u/1072027?v=3\";\n    ownerLogin = \"TU-Berlin-DIMA\";\n    private = 0;\n    repoDescription = \"A set of CLI tools for batch management of Scrum infrastructure (GitHub, Trello).  \";\n    server = \"<OCTServer: 0x7f8be2e8ddf0> {\\n    baseURL = \\\"<null>\\\";\\n}\";\n    stargazersCount = 2;\n    subscribersCount = 0;\n    textMatches = \"<null>\";\n    watchersCount = 2;\n}",
	        "<OCTRepository: 0x7f8be2c91fc0> {\n    HTMLURL = \"https://github.com/TU-Berlin-DIMA/MathMLCan\";\n    HTTPSURL = \"https://github.com/TU-Berlin-DIMA/MathMLCan.git\";\n    SSHURL = \"git@github.com:TU-Berlin-DIMA/MathMLCan.git\";\n    dateCreated = \"2014-08-11 14:37:47 +0000\";\n    datePushed = \"2014-07-25 20:00:42 +0000\";\n    dateUpdated = \"2014-06-10 18:26:14 +0000\";\n    defaultBranch = master;\n    fork = 1;\n    forkParent = \"<null>\";\n    forkSource = \"<null>\";\n    forksCount = 0;\n    gitURL = \"git://github.com/TU-Berlin-DIMA/MathMLCan.git\";\n    language = \"<null>\";\n    name = MathMLCan;\n    objectID = 22842225;\n    openIssuesCount = 0;\n    ownerAvatarURL = \"https://avatars.githubusercontent.com/u/1072027?v=3\";\n    ownerLogin = \"TU-Berlin-DIMA\";\n    private = 0;\n    repoDescription = \"MathML Canonicalization\";\n    server = \"<OCTServer: 0x7f8be2e8ddf0> {\\n    baseURL = \\\"<null>\\\";\\n}\";\n    stargazersCount = 0;\n    subscribersCount = 0;\n    textMatches = \"<null>\";\n    watchersCount = 0;\n}",
	        "<OCTRepository: 0x7f8be2c908e0> {\n    HTMLURL = \"https://github.com/TU-Berlin-DIMA/flink-tutorial\";\n    HTTPSURL = \"https://github.com/TU-Berlin-DIMA/flink-tutorial.git\";\n    SSHURL = \"git@github.com:TU-Berlin-DIMA/flink-tutorial.git\";\n    dateCreated = \"2014-09-23 17:49:05 +0000\";\n    datePushed = \"2014-09-24 18:27:47 +0000\";\n    dateUpdated = \"2015-11-18 00:49:12 +0000\";\n    defaultBranch = master;\n    fork = 0;\n    forkParent = \"<null>\";\n    forkSource = \"<null>\";\n    forksCount = 1;\n    gitURL = \"git://github.com/TU-Berlin-DIMA/flink-tutorial.git\";\n    language = Java;\n    name = \"flink-tutorial\";\n    objectID = 24382724;\n    openIssuesCount = 0;\n    ownerAvatarURL = \"https://avatars.githubusercontent.com/u/1072027?v=3\";\n    ownerLogin = \"TU-Berlin-DIMA\";\n    private = 0;\n    repoDescription = \"Slides and Code for the Large Scala Data Mining Tutorial\";\n    server = \"<OCTServer: 0x7f8be2e8ddf0> {\\n    baseURL = \\\"<null>\\\";\\n}\";\n    stargazersCount = 4;\n    subscribersCount = 0;\n    textMatches = \"<null>\";\n    watchersCount = 4;\n}",
	        "<OCTRepository: 0x7f8be2ca6390> {\n    HTMLURL = \"https://github.com/TU-Berlin-DIMA/IMPRO-3.WS14\";\n    HTTPSURL = \"https://github.com/TU-Berlin-DIMA/IMPRO-3.WS14.git\";\n    SSHURL = \"git@github.com:TU-Berlin-DIMA/IMPRO-3.WS14.git\";\n    dateCreated = \"2014-10-20 12:16:19 +0000\";\n    datePushed = \"2015-03-25 10:56:02 +0000\";\n    dateUpdated = \"2015-03-25 10:56:06 +0000\";\n    defaultBranch = master;\n    fork = 0;\n    forkParent = \"<null>\";\n    forkSource = \"<null>\";\n    forksCount = 11;\n    gitURL = \"git://github.com/TU-Berlin-DIMA/IMPRO-3.WS14.git\";\n    language = Java;\n    name = \"IMPRO-3.WS14\";\n    objectID = 25464843;\n    openIssuesCount = 14;\n    ownerAvatarURL = \"https://avatars.githubusercontent.com/u/1072027?v=3\";\n    ownerLogin = \"TU-Berlin-DIMA\";\n    private = 1;\n    repoDescription = \"\";\n    server = \"<OCTServer: 0x7f8be2e8ddf0> {\\n    baseURL = \\\"<null>\\\";\\n}\";\n    stargazersCount = 3;\n    subscribersCount = 0;\n    textMatches = \"<null>\";\n    watchersCount = 3;\n}",
	        "<OCTRepository: 0x7f8be2c91d70> {\n    HTMLURL = \"https://github.com/TU-Berlin-DIMA/myriad-java\";\n    HTTPSURL = \"https://github.com/TU-Berlin-DIMA/myriad-java.git\";\n    SSHURL = \"git@github.com:TU-Berlin-DIMA/myriad-java.git\";\n    dateCreated = \"2014-11-10 16:59:22 +0000\";\n    datePushed = \"2014-12-16 14:16:36 +0000\";\n    dateUpdated = \"2014-12-16 14:16:36 +0000\";\n    defaultBranch = master;\n    fork = 0;\n    forkParent = \"<null>\";\n    forkSource = \"<null>\";\n    forksCount = 1;\n    gitURL = \"git://github.com/TU-Berlin-DIMA/myriad-java.git\";\n    language = Java;\n    name = \"myriad-java\";\n    objectID = 26446021;\n    openIssuesCount = 2;\n    ownerAvatarURL = \"https://avatars.githubusercontent.com/u/1072027?v=3\";\n    ownerLogin = \"TU-Berlin-DIMA\";\n    private = 0;\n    repoDescription = \"Temporary java prototype to support text generation.\";\n    server = \"<OCTServer: 0x7f8be2e8ddf0> {\\n    baseURL = \\\"<null>\\\";\\n}\";\n    stargazersCount = 0;\n    subscribersCount = 0;\n    textMatches = \"<null>\";\n    watchersCount = 0;\n}",
	        "<OCTRepository: 0x7f8be2ca6b30> {\n    HTMLURL = \"https://github.com/TU-Berlin-DIMA/IMPRO-3.WS14.G08\";\n    HTTPSURL = \"https://github.com/TU-Berlin-DIMA/IMPRO-3.WS14.G08.git\";\n    SSHURL = \"git@github.com:TU-Berlin-DIMA/IMPRO-3.WS14.G08.git\";\n    dateCreated = \"2014-11-14 14:48:50 +0000\";\n    datePushed = \"2015-02-02 13:34:06 +0000\";\n    dateUpdated = \"2015-02-02 13:34:07 +0000\";\n    defaultBranch = master;\n    fork = 0;\n    forkParent = \"<null>\";\n    forkSource = \"<null>\";\n    forksCount = 0;\n    gitURL = \"git://github.com/TU-Berlin-DIMA/IMPRO-3.WS14.G08.git\";\n    language = Java;\n    name = \"IMPRO-3.WS14.G08\";\n    objectID = 26642781;\n    openIssuesCount = 2;\n    ownerAvatarURL = \"https://avatars.githubusercontent.com/u/1072027?v=3\";\n    ownerLogin = \"TU-Berlin-DIMA\";\n    private = 1;\n    repoDescription = \"\";\n    server = \"<OCTServer: 0x7f8be2e8ddf0> {\\n    baseURL = \\\"<null>\\\";\\n}\";\n    stargazersCount = 0;\n    subscribersCount = 0;\n    textMatches = \"<null>\";\n    watchersCount = 0;\n}",
	        "<OCTRepository: 0x7f8be2e66bf0> {\n    HTMLURL = \"https://github.com/TU-Berlin-DIMA/IMPRO-3.SS14\";\n    HTTPSURL = \"https://github.com/TU-Berlin-DIMA/IMPRO-3.SS14.git\";\n    SSHURL = \"git@github.com:TU-Berlin-DIMA/IMPRO-3.SS14.git\";\n    dateCreated = \"2014-04-29 09:36:47 +0000\";\n    datePushed = \"2014-08-13 14:57:38 +0000\";\n    dateUpdated = \"2015-10-06 13:02:54 +0000\";\n    defaultBranch = master;\n    fork = 0;\n    forkParent = \"<null>\";\n    forkSource = \"<null>\";\n    forksCount = 0;\n    gitURL = \"git://github.com/TU-Berlin-DIMA/IMPRO-3.SS14.git\";\n    language = Java;\n    name = \"IMPRO-3.SS14\";\n    objectID = 19271178;\n    openIssuesCount = 1;\n    ownerAvatarURL = \"https://avatars.githubusercontent.com/u/1072027?v=3\";\n    ownerLogin = \"TU-Berlin-DIMA\";\n    private = 0;\n    repoDescription = KMEans;\n    server = \"<OCTServer: 0x7f8be2e8ddf0> {\\n    baseURL = \\\"<null>\\\";\\n}\";\n    stargazersCount = 1;\n    subscribersCount = 0;\n    textMatches = \"<null>\";\n    watchersCount = 1;\n}",
	        "<OCTRepository: 0x7f8be2e966f0> {\n    HTMLURL = \"https://github.com/TU-Berlin-DIMA/IMPRO-3.SS15\";\n    HTTPSURL = \"https://github.com/TU-Berlin-DIMA/IMPRO-3.SS15.git\";\n    SSHURL = \"git@github.com:TU-Berlin-DIMA/IMPRO-3.SS15.git\";\n    dateCreated = \"2015-04-17 16:59:06 +0000\";\n    datePushed = \"2015-08-11 20:19:40 +0000\";\n    dateUpdated = \"2016-05-04 10:15:28 +0000\";\n    defaultBranch = master;\n    fork = 0;\n    forkParent = \"<null>\";\n    forkSource = \"<null>\";\n    forksCount = 25;\n    gitURL = \"git://github.com/TU-Berlin-DIMA/IMPRO-3.SS15.git\";\n    language = Java;\n    name = \"IMPRO-3.SS15\";\n    objectID = 34128986;\n    openIssuesCount = 40;\n    ownerAvatarURL = \"https://avatars.githubusercontent.com/u/1072027?v=3\";\n    ownerLogin = \"TU-Berlin-DIMA\";\n    private = 1;\n    repoDescription = \"Upstream repository for the IMPRO-3 course taught at TU Berlin in the 2015 spring semester.\";\n    server = \"<OCTServer: 0x7f8be2e8ddf0> {\\n    baseURL = \\\"<null>\\\";\\n}\";\n    stargazersCount = 2;\n    subscribersCount = 0;\n    textMatches = \"<null>\";\n    watchersCount = 2;\n}",
	        "<OCTRepository: 0x7f8be2e37bd0> {\n    HTMLURL = \"https://github.com/TU-Berlin-DIMA/flink-hashagg\";\n    HTTPSURL = \"https://github.com/TU-Berlin-DIMA/flink-hashagg.git\";\n    SSHURL = \"git@github.com:TU-Berlin-DIMA/flink-hashagg.git\";\n    dateCreated = \"2016-02-22 15:23:36 +0000\";\n    datePushed = \"2016-04-10 17:59:05 +0000\";\n    dateUpdated = \"2016-03-21 16:20:08 +0000\";\n    defaultBranch = master;\n    fork = 0;\n    forkParent = \"<null>\";\n    forkSource = \"<null>\";\n    forksCount = 1;\n    gitURL = \"git://github.com/TU-Berlin-DIMA/flink-hashagg.git\";\n    language = Scala;\n    name = \"flink-hashagg\";\n    objectID = 52282831;\n    openIssuesCount = 0;\n    ownerAvatarURL = \"https://avatars.githubusercontent.com/u/1072027?v=3\";\n    ownerLogin = \"TU-Berlin-DIMA\";\n    private = 0;\n    repoDescription = \"Experiments for FLINK-2237\";\n    server = \"<OCTServer: 0x7f8be2e8ddf0> {\\n    baseURL = \\\"<null>\\\";\\n}\";\n    stargazersCount = 0;\n    subscribersCount = 0;\n    textMatches = \"<null>\";\n    watchersCount = 0;\n}"
	    );
	    server = "<OCTServer: 0x7f8be2d86d70> {\n    baseURL = \"<null>\";\n}";
	    teams =     (
	        Employees,
	        partners,
	        "idb-assistants",
	        NIST,
	        "dbpra-g12",
	        "IMPRO-3.SS14.Admins",
	        "IMPRO-3.WS14.G03",
	        "IMPRO-3.WS14.G04",
	        "IMPRO-3.WS14.Users",
	        "IMPRO-3.WS14.Admins",
	        "IMPRO-3.WS14.G02",
	        "IMPRO-3.WS14.G05",
	        "IMPRO-3.WS14.G06",
	        "IMPRO-3.WS14.G07",
	        "IMPRO-3.WS14.G08",
	        myriad,
	        "IMRPO.SS14-Collaborators",
	        "flink-graph.contributors",
	        "IMPRO-3.SS15.Admins",
	        "IMPRO-3.SS15.Users",
	        "IMPRO-3.SS15.Collaborators",
	        BBDC,
	        "BBDC-Admin",
	        "Benchmarking Collaborators ",
	        "IMPRO-3.WS15-Admins",
	        Students,
	        "mini-dbs-g24",
	        "mini-dbs-g01",
	        "mini-dbs-g02",
	        "mini-dbs-g03",
	        "mini-dbs-g04",
	        "mini-dbs-g05",
	        "mini-dbs-g06",
	        "mini-dbs-g07",
	        "mini-dbs-g08",
	        "mini-dbs-g09",
	        "mini-dbs-g10",
	        "mini-dbs-g11",
	        "mini-dbs-g13",
	        "mini-dbs-g14",
	        "mini-dbs-g15",
	        "mini-dbs-g16",
	        "mini-dbs-g17",
	        "mini-dbs-g18",
	        "mini-dbs-g19",
	        "mini-dbs-g20",
	        "mini-dbs-g21",
	        "mini-dbs-g22",
	        "mini-dbs-g23",
	        "mini-dbs-tutors",
	        "mini-dbs-users",
	        dueverschwarzer,
	        "BDAPRO.SS16.Admins",
	        "BDAPRO.SS16.Users"
	    );
	}: NSError { domain: MTLModelErrorDomain, code: 1, description: "[<OCTOrganization 0x7f8be5f0bb40> setNilValueForKey]: could not set nil as the value for the key diskUsage.", userInfo: {
	    MTLModelThrownException = "[<OCTOrganization 0x7f8be5f0bb40> setNilValueForKey]: could not set nil as the value for the key diskUsage.";
	    NSLocalizedFailureReason = "[<OCTOrganization 0x7f8be5f0bb40> setNilValueForKey]: could not set nil as the value for the key diskUsage.";
	} }
Sep 18 11:51:51 Alexandru-Petrisors-MacBook-Air GitHub Desktop[1815]: *** Caught exception setting key "diskUsage" : [<OCTOrganization 0x7f8be5457ac0> setNilValueForKey]: could not set nil as the value for the key diskUsage.
Sep 18 11:51:51 Alexandru-Petrisors-MacBook-Air GitHub Desktop[1815]: [1815] (v220) __49-[GHPersistentStateManager refreshOrgsFromServer]_block_invoke_3 [Line 932] Error fetching detailed information for organization <OCTOrganization: 0x7f8be5f03b00> {
	    HTMLURL = "<null>";
	    avatarURL = "https://avatars.githubusercontent.com/u/12704292?v=3";
	    bio = "<null>";
	    blog = "<null>";
	    collaborators = 0;
	    company = "<null>";
	    diskUsage = 0;
	    email = "<null>";
	    followers = 0;
	    following = 0;
	    location = "<null>";
	    login = apiplatform;
	    name = apiplatform;
	    objectID = 12704292;
	    plan = "<null>";
	    privateGistCount = 0;
	    privateRepoCount = 0;
	    publicGistCount = 0;
	    publicRepoCount = 0;
	    repositories =     (
	        "<OCTRepository: 0x7f8be2f6df10> {\n    HTMLURL = \"https://github.com/apiplatform/api-gateway\";\n    HTTPSURL = \"https://github.com/apiplatform/api-gateway.git\";\n    SSHURL = \"git@github.com:apiplatform/api-gateway.git\";\n    dateCreated = \"2015-06-02 17:04:05 +0000\";\n    datePushed = \"2015-06-02 17:33:02 +0000\";\n    dateUpdated = \"2016-02-11 04:24:16 +0000\";\n    defaultBranch = master;\n    fork = 0;\n    forkParent = \"<null>\";\n    forkSource = \"<null>\";\n    forksCount = 0;\n    gitURL = \"git://github.com/apiplatform/api-gateway.git\";\n    language = Shell;\n    name = \"api-gateway\";\n    objectID = 36748298;\n    openIssuesCount = 0;\n    ownerAvatarURL = \"https://avatars.githubusercontent.com/u/12704292?v=3\";\n    ownerLogin = apiplatform;\n    private = 1;\n    repoDescription = \"\";\n    server = \"<OCTServer: 0x7f8be2e8ddf0> {\\n    baseURL = \\\"<null>\\\";\\n}\";\n    stargazersCount = 0;\n    subscribersCount = 0;\n    textMatches = \"<null>\";\n    watchersCount = 0;\n}",
	        "<OCTRepository: 0x7f8be2f6dfe0> {\n    HTMLURL = \"https://github.com/apiplatform/api-gateway-box\";\n    HTTPSURL = \"https://github.com/apiplatform/api-gateway-box.git\";\n    SSHURL = \"git@github.com:apiplatform/api-gateway-box.git\";\n    dateCreated = \"2015-06-02 20:31:04 +0000\";\n    datePushed = \"2015-06-05 22:34:08 +0000\";\n    dateUpdated = \"2015-06-03 20:39:07 +0000\";\n    defaultBranch = master;\n    fork = 0;\n    forkParent = \"<null>\";\n    forkSource = \"<null>\";\n    forksCount = 0;\n    gitURL = \"git://github.com/apiplatform/api-gateway-box.git\";\n    language = Perl;\n    name = \"api-gateway-box\";\n    objectID = 36760031;\n    openIssuesCount = 1;\n    ownerAvatarURL = \"https://avatars.githubusercontent.com/u/12704292?v=3\";\n    ownerLogin = apiplatform;\n    private = 1;\n    repoDescription = \"Docker container with the API Gateway\";\n    server = \"<OCTServer: 0x7f8be2e8ddf0> {\\n    baseURL = \\\"<null>\\\";\\n}\";\n    stargazersCount = 0;\n    subscribersCount = 0;\n    textMatches = \"<null>\";\n    watchersCount = 0;\n}",
	        "<OCTRepository: 0x7f8be2f707c0> {\n    HTMLURL = \"https://github.com/apiplatform/api-portal\";\n    HTTPSURL = \"https://github.com/apiplatform/api-portal.git\";\n    SSHURL = \"git@github.com:apiplatform/api-portal.git\";\n    dateCreated = \"2015-06-26 06:17:04 +0000\";\n    datePushed = \"2015-09-05 01:44:16 +0000\";\n    dateUpdated = \"2015-06-26 06:18:18 +0000\";\n    defaultBranch = master;\n    fork = 0;\n    forkParent = \"<null>\";\n    forkSource = \"<null>\";\n    forksCount = 0;\n    gitURL = \"git://github.com/apiplatform/api-portal.git\";\n    language = JavaScript;\n    name = \"api-portal\";\n    objectID = 38094382;\n    openIssuesCount = 0;\n    ownerAvatarURL = \"https://avatars.githubusercontent.com/u/12704292?v=3\";\n    ownerLogin = apiplatform;\n    private = 1;\n    repoDescription = \"API Management Portal\";\n    server = \"<OCTServer: 0x7f8be2e8ddf0> {\\n    baseURL = \\\"<null>\\\";\\n}\";\n    stargazersCount = 0;\n    subscribersCount = 0;\n    textMatches = \"<null>\";\n    watchersCount = 0;\n}",
	        "<OCTRepository: 0x7f8be2f70b30> {\n    HTMLURL = \"https://github.com/apiplatform/api-management-services\";\n    HTTPSURL = \"https://github.com/apiplatform/api-management-services.git\";\n    SSHURL = \"git@github.com:apiplatform/api-management-services.git\";\n    dateCreated = \"2015-06-26 06:21:28 +0000\";\n    datePushed = \"2015-07-30 18:12:43 +0000\";\n    dateUpdated = \"2015-07-30 18:12:45 +0000\";\n    defaultBranch = master;\n    fork = 0;\n    forkParent = \"<null>\";\n    forkSource = \"<null>\";\n    forksCount = 0;\n    gitURL = \"git://github.com/apiplatform/api-management-services.git\";\n    language = JavaScript;\n    name = \"api-management-services\";\n    objectID = 38094572;\n    openIssuesCount = 0;\n    ownerAvatarURL = \"https://avatars.githubusercontent.com/u/12704292?v=3\";\n    ownerLogin = apiplatform;\n    private = 1;\n    repoDescription = \"AMS - REST Services for API Management\";\n    server = \"<OCTServer: 0x7f8be2e8ddf0> {\\n    baseURL = \\\"<null>\\\";\\n}\";\n    stargazersCount = 0;\n    subscribersCount = 0;\n    textMatches = \"<null>\";\n    watchersCount = 0;\n}",
	        "<OCTRepository: 0x7f8be2f70e80> {\n    HTMLURL = \"https://github.com/apiplatform/api-gateway-nike\";\n    HTTPSURL = \"https://github.com/apiplatform/api-gateway-nike.git\";\n    SSHURL = \"git@github.com:apiplatform/api-gateway-nike.git\";\n    dateCreated = \"2015-07-10 01:52:28 +0000\";\n    datePushed = \"2015-07-10 19:34:51 +0000\";\n    dateUpdated = \"2015-07-10 01:54:44 +0000\";\n    defaultBranch = master;\n    fork = 0;\n    forkParent = \"<null>\";\n    forkSource = \"<null>\";\n    forksCount = 0;\n    gitURL = \"git://github.com/apiplatform/api-gateway-nike.git\";\n    language = Lua;\n    name = \"api-gateway-nike\";\n    objectID = 38855012;\n    openIssuesCount = 0;\n    ownerAvatarURL = \"https://avatars.githubusercontent.com/u/12704292?v=3\";\n    ownerLogin = apiplatform;\n    private = 1;\n    repoDescription = \"Configs for Nike's API Gateway \";\n    server = \"<OCTServer: 0x7f8be2e8ddf0> {\\n    baseURL = \\\"<null>\\\";\\n}\";\n    stargazersCount = 0;\n    subscribersCount = 0;\n    textMatches = \"<null>\";\n    watchersCount = 0;\n}"
	    );
	    server = "<OCTServer: 0x7f8be2d86d70> {\n    baseURL = \"<null>\";\n}";
	    teams =     (
	        contributors,
	        "event-management-collaborators"
	    );
	}: NSError { domain: MTLModelErrorDomain, code: 1, description: "[<OCTOrganization 0x7f8be5457ac0> setNilValueForKey]: could not set nil as the value for the key diskUsage.", userInfo: {
	    MTLModelThrownException = "[<OCTOrganization 0x7f8be5457ac0> setNilValueForKey]: could not set nil as the value for the key diskUsage.";
	    NSLocalizedFailureReason = "[<OCTOrganization 0x7f8be5457ac0> setNilValueForKey]: could not set nil as the value for the key diskUsage.";
	} }
Sep 18 11:51:52 Alexandru-Petrisors-MacBook-Air airportd[67]: SecTaskLoadEntitlements failed error=22
Sep 18 11:51:52 --- last message repeated 1 time ---
Sep 18 11:51:52 Alexandru-Petrisors-MacBook-Air GitHub Desktop[1815]: *** Caught exception setting key "diskUsage" : [<OCTOrganization 0x7f8be5e22430> setNilValueForKey]: could not set nil as the value for the key diskUsage.
Sep 18 11:51:52 Alexandru-Petrisors-MacBook-Air GitHub Desktop[1815]: [1815] (v220) __49-[GHPersistentStateManager refreshOrgsFromServer]_block_invoke_3 [Line 932] Error fetching detailed information for organization <OCTOrganization: 0x7f8be5f03920> {
	    HTMLURL = "<null>";
	    avatarURL = "https://avatars.githubusercontent.com/u/13855477?v=3";
	    bio = "<null>";
	    blog = "<null>";
	    collaborators = 0;
	    company = "<null>";
	    diskUsage = 0;
	    email = "<null>";
	    followers = 0;
	    following = 0;
	    location = "<null>";
	    login = "adobe-apiplatform";
	    name = "adobe-apiplatform";
	    objectID = 13855477;
	    plan = "<null>";
	    privateGistCount = 0;
	    privateRepoCount = 0;
	    publicGistCount = 0;
	    publicRepoCount = 0;
	    repositories =     (
	        "<OCTRepository: 0x7f8be2cafef0> {\n    HTMLURL = \"https://github.com/adobe-apiplatform/api-gateway-hmac\";\n    HTTPSURL = \"https://github.com/adobe-apiplatform/api-gateway-hmac.git\";\n    SSHURL = \"git@github.com:adobe-apiplatform/api-gateway-hmac.git\";\n    dateCreated = \"2015-06-02 17:35:18 +0000\";\n    datePushed = \"2015-08-14 00:45:51 +0000\";\n    dateUpdated = \"2016-04-14 08:32:52 +0000\";\n    defaultBranch = master;\n    fork = 0;\n    forkParent = \"<null>\";\n    forkSource = \"<null>\";\n    forksCount = 1;\n    gitURL = \"git://github.com/adobe-apiplatform/api-gateway-hmac.git\";\n    language = Perl;\n    name = \"api-gateway-hmac\";\n    objectID = 36750097;\n    openIssuesCount = 0;\n    ownerAvatarURL = \"https://avatars.githubusercontent.com/u/13855477?v=3\";\n    ownerLogin = \"adobe-apiplatform\";\n    private = 0;\n    repoDescription = \"HMAC support for Lua with multiple algorithms, via OpenSSL and FFI\";\n    server = \"<OCTServer: 0x7f8be2e8ddf0> {\\n    baseURL = \\\"<null>\\\";\\n}\";\n    stargazersCount = 6;\n    subscribersCount = 0;\n    textMatches = \"<null>\";\n    watchersCount = 6;\n}",
	        "<OCTRepository: 0x7f8be2caffc0> {\n    HTMLURL = \"https://github.com/adobe-apiplatform/api-gateway-aws\";\n    HTTPSURL = \"https://github.com/adobe-apiplatform/api-gateway-aws.git\";\n    SSHURL = \"git@github.com:adobe-apiplatform/api-gateway-aws.git\";\n    dateCreated = \"2015-06-02 17:41:11 +0000\";\n    datePushed = \"2016-05-22 09:36:43 +0000\";\n    dateUpdated = \"2016-05-12 18:28:42 +0000\";\n    defaultBranch = master;\n    fork = 0;\n    forkParent = \"<null>\";\n    forkSource = \"<null>\";\n    forksCount = 5;\n    gitURL = \"git://github.com/adobe-apiplatform/api-gateway-aws.git\";\n    language = Lua;\n    name = \"api-gateway-aws\";\n    objectID = 36750427;\n    openIssuesCount = 3;\n    ownerAvatarURL = \"https://avatars.githubusercontent.com/u/13855477?v=3\";\n    ownerLogin = \"adobe-apiplatform\";\n    private = 0;\n    repoDescription = \"AWS SDK for NGINX with Lua\";\n    server = \"<OCTServer: 0x7f8be2e8ddf0> {\\n    baseURL = \\\"<null>\\\";\\n}\";\n    stargazersCount = 23;\n    subscribersCount = 0;\n    textMatches = \"<null>\";\n    watchersCount = 23;\n}",
	        "<OCTRepository: 0x7f8be2cb0660> {\n    HTMLURL = \"https://github.com/adobe-apiplatform/api-gateway-async-logger\";\n    HTTPSURL = \"https://github.com/adobe-apiplatform/api-gateway-async-logger.git\";\n    SSHURL = \"git@github.com:adobe-apiplatform/api-gateway-async-logger.git\";\n    dateCreated = \"2015-06-02 17:46:01 +0000\";\n    datePushed = \"2016-04-13 06:53:48 +0000\";\n    dateUpdated = \"2016-05-18 09:33:15 +0000\";\n    defaultBranch = master;\n    fork = 0;\n    forkParent = \"<null>\";\n    forkSource = \"<null>\";\n    forksCount = 0;\n    gitURL = \"git://github.com/adobe-apiplatform/api-gateway-async-logger.git\";\n    language = Lua;\n    name = \"api-gateway-async-logger\";\n    objectID = 36750724;\n    openIssuesCount = 1;\n    ownerAvatarURL = \"https://avatars.githubusercontent.com/u/13855477?v=3\";\n    ownerLogin = \"adobe-apiplatform\";\n    private = 0;\n    repoDescription = \"Performant async logger in lua\";\n    server = \"<OCTServer: 0x7f8be2e8ddf0> {\\n    baseURL = \\\"<null>\\\";\\n}\";\n    stargazersCount = 2;\n    subscribersCount = 0;\n    textMatches = \"<null>\";\n    watchersCount = 2;\n}",
	        "<OCTRepository: 0x7f8be2cb0af0> {\n    HTMLURL = \"https://github.com/adobe-apiplatform/api-gateway-request-validation\";\n    HTTPSURL = \"https://github.com/adobe-apiplatform/api-gateway-request-validation.git\";\n    SSHURL = \"git@github.com:adobe-apiplatform/api-gateway-request-validation.git\";\n    dateCreated = \"2015-06-02 17:48:42 +0000\";\n    datePushed = \"2016-01-28 07:37:41 +0000\";\n    dateUpdated = \"2015-11-25 17:27:55 +0000\";\n    defaultBranch = master;\n    fork = 0;\n    forkParent = \"<null>\";\n    forkSource = \"<null>\";\n    forksCount = 3;\n    gitURL = \"git://github.com/adobe-apiplatform/api-gateway-request-validation.git\";\n    language = Perl;\n    name = \"api-gateway-request-validation\";\n    objectID = 36750881;\n    openIssuesCount = 3;\n    ownerAvatarURL = \"https://avatars.githubusercontent.com/u/13855477?v=3\";\n    ownerLogin = \"adobe-apiplatform\";\n    private = 0;\n    repoDescription = \"API Request Validation framework\";\n    server = \"<OCTServer: 0x7f8be2e8ddf0> {\\n    baseURL = \\\"<null>\\\";\\n}\";\n    stargazersCount = 6;\n    subscribersCount = 0;\n    textMatches = \"<null>\";\n    watchersCount = 6;\n}",
	        "<OCTRepository: 0x7f8be2f71470> {\n    HTMLURL = \"https://github.com/adobe-apiplatform/api-gateway-zmq-adaptor\";\n    HTTPSURL = \"https://github.com/adobe-apiplatform/api-gateway-zmq-adaptor.git\";\n    SSHURL = \"git@github.com:adobe-apiplatform/api-gateway-zmq-adaptor.git\";\n    dateCreated = \"2015-06-02 19:04:24 +0000\";\n    datePushed = \"2015-09-24 05:06:51 +0000\";\n    dateUpdated = \"2016-05-01 15:27:05 +0000\";\n    defaultBranch = master;\n    fork = 0;\n    forkParent = \"<null>\";\n    forkSource = \"<null>\";\n    forksCount = 0;\n    gitURL = \"git://github.com/adobe-apiplatform/api-gateway-zmq-adaptor.git\";\n    language = C;\n    name = \"api-gateway-zmq-adaptor\";\n    objectID = 36755268;\n    openIssuesCount = 2;\n    ownerAvatarURL = \"https://avatars.githubusercontent.com/u/13855477?v=3\";\n    ownerLogin = \"adobe-apiplatform\";\n    private = 0;\n    repoDescription = \"Messaging Queue support for API Gateway via ZMQ\";\n    server = \"<OCTServer: 0x7f8be2e8ddf0> {\\n    baseURL = \\\"<null>\\\";\\n}\";\n    stargazersCount = 5;\n    subscribersCount = 0;\n    textMatches = \"<null>\";\n    watchersCount = 5;\n}",
	        "<OCTRepository: 0x7f8be2f71860> {\n    HTMLURL = \"https://github.com/adobe-apiplatform/api-gateway-request-tracking\";\n    HTTPSURL = \"https://github.com/adobe-apiplatform/api-gateway-request-tracking.git\";\n    SSHURL = \"git@github.com:adobe-apiplatform/api-gateway-request-tracking.git\";\n    dateCreated = \"2015-06-02 19:07:19 +0000\";\n    datePushed = \"2016-05-20 16:48:50 +0000\";\n    dateUpdated = \"2016-05-03 18:57:53 +0000\";\n    defaultBranch = master;\n    fork = 0;\n    forkParent = \"<null>\";\n    forkSource = \"<null>\";\n    forksCount = 0;\n    gitURL = \"git://github.com/adobe-apiplatform/api-gateway-request-tracking.git\";\n    language = Perl;\n    name = \"api-gateway-request-tracking\";\n    objectID = 36755437;\n    openIssuesCount = 0;\n    ownerAvatarURL = \"https://avatars.githubusercontent.com/u/13855477?v=3\";\n    ownerLogin = \"adobe-apiplatform\";\n    private = 0;\n    repoDescription = \"Usage and Tracking Handler for the API Gateway\";\n    server = \"<OCTServer: 0x7f8be2e8ddf0> {\\n    baseURL = \\\"<null>\\\";\\n}\";\n    stargazersCount = 0;\n    subscribersCount = 0;\n    textMatches = \"<null>\";\n    watchersCount = 0;\n}",
	        "<OCTRepository: 0x7f8be2f71ca0> {\n    HTMLURL = \"https://github.com/adobe-apiplatform/apigateway\";\n    HTTPSURL = \"https://github.com/adobe-apiplatform/apigateway.git\";\n    SSHURL = \"git@github.com:adobe-apiplatform/apigateway.git\";\n    dateCreated = \"2015-08-12 21:17:00 +0000\";\n    datePushed = \"2016-04-21 04:34:03 +0000\";\n    dateUpdated = \"2016-05-19 18:11:52 +0000\";\n    defaultBranch = master;\n    fork = 0;\n    forkParent = \"<null>\";\n    forkSource = \"<null>\";\n    forksCount = 14;\n    gitURL = \"git://github.com/adobe-apiplatform/apigateway.git\";\n    language = Lua;\n    name = apigateway;\n    objectID = 40624779;\n    openIssuesCount = 6;\n    ownerAvatarURL = \"https://avatars.githubusercontent.com/u/13855477?v=3\";\n    ownerLogin = \"adobe-apiplatform\";\n    private = 0;\n    repoDescription = \"A Performant API Gateway based on NGINX and Openresty\";\n    server = \"<OCTServer: 0x7f8be2e8ddf0> {\\n    baseURL = \\\"<null>\\\";\\n}\";\n    stargazersCount = 71;\n    subscribersCount = 0;\n    textMatches = \"<null>\";\n    watchersCount = 71;\n}",
	        "<OCTRepository: 0x7f8be2f72130> {\n    HTMLURL = \"https://github.com/adobe-apiplatform/api-gateway-zmq-logger\";\n    HTTPSURL = \"https://github.com/adobe-apiplatform/api-gateway-zmq-logger.git\";\n    SSHURL = \"git@github.com:adobe-apiplatform/api-gateway-zmq-logger.git\";\n    dateCreated = \"2015-09-13 06:21:41 +0000\";\n    datePushed = \"2016-04-12 04:39:46 +0000\";\n    dateUpdated = \"2016-04-12 04:36:35 +0000\";\n    defaultBranch = master;\n    fork = 0;\n    forkParent = \"<null>\";\n    forkSource = \"<null>\";\n    forksCount = 0;\n    gitURL = \"git://github.com/adobe-apiplatform/api-gateway-zmq-logger.git\";\n    language = Lua;\n    name = \"api-gateway-zmq-logger\";\n    objectID = 42386025;\n    openIssuesCount = 0;\n    ownerAvatarURL = \"https://avatars.githubusercontent.com/u/13855477?v=3\";\n    ownerLogin = \"adobe-apiplatform\";\n    private = 0;\n    repoDescription = \"Lua logger for ZMQ with FFI and CZMQ\";\n    server = \"<OCTServer: 0x7f8be2e8ddf0> {\\n    baseURL = \\\"<null>\\\";\\n}\";\n    stargazersCount = 0;\n    subscribersCount = 0;\n    textMatches = \"<null>\";\n    watchersCount = 0;\n}",
	        "<OCTRepository: 0x7f8be2f725e0> {\n    HTMLURL = \"https://github.com/adobe-apiplatform/api-gateway-config-supervisor\";\n    HTTPSURL = \"https://github.com/adobe-apiplatform/api-gateway-config-supervisor.git\";\n    SSHURL = \"git@github.com:adobe-apiplatform/api-gateway-config-supervisor.git\";\n    dateCreated = \"2015-10-30 03:14:50 +0000\";\n    datePushed = \"2016-04-12 05:41:42 +0000\";\n    dateUpdated = \"2016-04-12 05:39:01 +0000\";\n    defaultBranch = master;\n    fork = 0;\n    forkParent = \"<null>\";\n    forkSource = \"<null>\";\n    forksCount = 0;\n    gitURL = \"git://github.com/adobe-apiplatform/api-gateway-config-supervisor.git\";\n    language = Go;\n    name = \"api-gateway-config-supervisor\";\n    objectID = 45226333;\n    openIssuesCount = 1;\n    ownerAvatarURL = \"https://avatars.githubusercontent.com/u/13855477?v=3\";\n    ownerLogin = \"adobe-apiplatform\";\n    private = 0;\n    repoDescription = \"Syncs config files from Amazon S3, Google Drive, Dropbox, Amazon Cloud Drive reloading the gateway with the updates\";\n    server = \"<OCTServer: 0x7f8be2e8ddf0> {\\n    baseURL = \\\"<null>\\\";\\n}\";\n    stargazersCount = 0;\n    subscribersCount = 0;\n    textMatches = \"<null>\";\n    watchersCount = 0;\n}",
	        "<OCTRepository: 0x7f8be2f72ae0> {\n    HTMLURL = \"https://github.com/adobe-apiplatform/api-gateway-cachemanager\";\n    HTTPSURL = \"https://github.com/adobe-apiplatform/api-gateway-cachemanager.git\";\n    SSHURL = \"git@github.com:adobe-apiplatform/api-gateway-cachemanager.git\";\n    dateCreated = \"2016-02-03 22:11:38 +0000\";\n    datePushed = \"2016-04-21 03:06:47 +0000\";\n    dateUpdated = \"2016-05-01 15:21:17 +0000\";\n    defaultBranch = master;\n    fork = 0;\n    forkParent = \"<null>\";\n    forkSource = \"<null>\";\n    forksCount = 0;\n    gitURL = \"git://github.com/adobe-apiplatform/api-gateway-cachemanager.git\";\n    language = Lua;\n    name = \"api-gateway-cachemanager\";\n    objectID = 51034371;\n    openIssuesCount = 0;\n    ownerAvatarURL = \"https://avatars.githubusercontent.com/u/13855477?v=3\";\n    ownerLogin = \"adobe-apiplatform\";\n    private = 0;\n    repoDescription = \"Lua library for managing multiple cache stores\";\n    server = \"<OCTServer: 0x7f8be2e8ddf0> {\\n    baseURL = \\\"<null>\\\";\\n}\";\n    stargazersCount = 2;\n    subscribersCount = 0;\n    textMatches = \"<null>\";\n    watchersCount = 2;\n}",
	        "<OCTRepository: 0x7f8be2e973a0> {\n    HTMLURL = \"https://github.com/adobe-apiplatform/micro-service-container\";\n    HTTPSURL = \"https://github.com/adobe-apiplatform/micro-service-container.git\";\n    SSHURL = \"git@github.com:adobe-apiplatform/micro-service-container.git\";\n    dateCreated = \"2016-05-18 08:45:38 +0000\";\n    datePushed = \"2016-05-18 16:36:53 +0000\";\n    dateUpdated = \"2016-05-18 08:47:19 +0000\";\n    defaultBranch = master;\n    fork = 0;\n    forkParent = \"<null>\";\n    forkSource = \"<null>\";\n    forksCount = 0;\n    gitURL = \"git://github.com/adobe-apiplatform/micro-service-container.git\";\n    language = Java;\n    name = \"micro-service-container\";\n    objectID = 59098004;\n    openIssuesCount = 1;\n    ownerAvatarURL = \"https://avatars.githubusercontent.com/u/13855477?v=3\";\n    ownerLogin = \"adobe-apiplatform\";\n    private = 0;\n    repoDescription = \"API Platform micro-services container\";\n    server = \"<OCTServer: 0x7f8be2e8ddf0> {\\n    baseURL = \\\"<null>\\\";\\n}\";\n    stargazersCount = 0;\n    subscribersCount = 0;\n    textMatches = \"<null>\";\n    watchersCount = 0;\n}"
	    );
	    server = "<OCTServer: 0x7f8be2d86d70> {\n    baseURL = \"<null>\";\n}";
	    teams =     (
	        Core
	    );
	}: NSError { domain: MTLModelErrorDomain, code: 1, description: "[<OCTOrganization 0x7f8be5e22430> setNilValueForKey]: could not set nil as the value for the key diskUsage.", userInfo: {
	    MTLModelThrownException = "[<OCTOrganization 0x7f8be5e22430> setNilValueForKey]: could not set nil as the value for the key diskUsage.";
	    NSLocalizedFailureReason = "[<OCTOrganization 0x7f8be5e22430> setNilValueForKey]: could not set nil as the value for the key diskUsage.";
	} }
Sep 18 11:51:52 Alexandru-Petrisors-MacBook-Air GitHub Desktop[1815]: *** Caught exception setting key "diskUsage" : [<OCTOrganization 0x7f8be5f519e0> setNilValueForKey]: could not set nil as the value for the key diskUsage.
Sep 18 11:51:52 Alexandru-Petrisors-MacBook-Air GitHub Desktop[1815]: [1815] (v220) __49-[GHPersistentStateManager refreshOrgsFromServer]_block_invoke_3 [Line 932] Error fetching detailed information for organization <OCTOrganization: 0x7f8be5f18050> {
	    HTMLURL = "<null>";
	    avatarURL = "https://avatars.githubusercontent.com/u/5637455?v=3";
	    bio = "<null>";
	    blog = "<null>";
	    collaborators = 0;
	    company = "<null>";
	    diskUsage = 0;
	    email = "<null>";
	    followers = 0;
	    following = 0;
	    location = "<null>";
	    login = stratosphere;
	    name = stratosphere;
	    objectID = 5637455;
	    plan = "<null>";
	    privateGistCount = 0;
	    privateRepoCount = 0;
	    publicGistCount = 0;
	    publicRepoCount = 0;
	    repositories =     (
	        "<OCTRepository: 0x7f8be2d8f290> {\n    HTMLURL = \"https://github.com/stratosphere/stratosphere\";\n    HTTPSURL = \"https://github.com/stratosphere/stratosphere.git\";\n    SSHURL = \"git@github.com:stratosphere/stratosphere.git\";\n    dateCreated = \"2013-04-17 14:25:24 +0000\";\n    datePushed = \"2014-07-16 14:05:21 +0000\";\n    dateUpdated = \"2016-05-05 05:20:45 +0000\";\n    defaultBranch = master;\n    fork = 0;\n    forkParent = \"<null>\";\n    forkSource = \"<null>\";\n    forksCount = 79;\n    gitURL = \"git://github.com/stratosphere/stratosphere.git\";\n    language = Java;\n    name = stratosphere;\n    objectID = 9499422;\n    openIssuesCount = 180;\n    ownerAvatarURL = \"https://avatars.githubusercontent.com/u/5637455?v=3\";\n    ownerLogin = stratosphere;\n    private = 0;\n    repoDescription = \"Stratosphere is now Apache Flink.\";\n    server = \"<OCTServer: 0x7f8be2e8ddf0> {\\n    baseURL = \\\"<null>\\\";\\n}\";\n    stargazersCount = 187;\n    subscribersCount = 0;\n    textMatches = \"<null>\";\n    watchersCount = 187;\n}",
	        "<OCTRepository: 0x7f8be2d8f360> {\n    HTMLURL = \"https://github.com/stratosphere/stratosphere-sopremo\";\n    HTTPSURL = \"https://github.com/stratosphere/stratosphere-sopremo.git\";\n    SSHURL = \"git@github.com:stratosphere/stratosphere-sopremo.git\";\n    dateCreated = \"2013-05-25 12:08:16 +0000\";\n    datePushed = \"2014-04-16 09:34:20 +0000\";\n    dateUpdated = \"2015-06-05 06:21:22 +0000\";\n    defaultBranch = master;\n    fork = 0;\n    forkParent = \"<null>\";\n    forkSource = \"<null>\";\n    forksCount = 15;\n    gitURL = \"git://github.com/stratosphere/stratosphere-sopremo.git\";\n    language = Java;\n    name = \"stratosphere-sopremo\";\n    objectID = 10283615;\n    openIssuesCount = 8;\n    ownerAvatarURL = \"https://avatars.githubusercontent.com/u/5637455?v=3\";\n    ownerLogin = stratosphere;\n    private = 0;\n    repoDescription = \"\";\n    server = \"<OCTServer: 0x7f8be2e8ddf0> {\\n    baseURL = \\\"<null>\\\";\\n}\";\n    stargazersCount = 3;\n    subscribersCount = 0;\n    textMatches = \"<null>\";\n    watchersCount = 3;\n}",
	        "<OCTRepository: 0x7f8be2d8f430> {\n    HTMLURL = \"https://github.com/stratosphere/graphmining-tutorial\";\n    HTTPSURL = \"https://github.com/stratosphere/graphmining-tutorial.git\";\n    SSHURL = \"git@github.com:stratosphere/graphmining-tutorial.git\";\n    dateCreated = \"2013-10-09 14:22:53 +0000\";\n    datePushed = \"2013-10-11 10:16:57 +0000\";\n    dateUpdated = \"2013-11-12 14:14:09 +0000\";\n    defaultBranch = master;\n    fork = 0;\n    forkParent = \"<null>\";\n    forkSource = \"<null>\";\n    forksCount = 2;\n    gitURL = \"git://github.com/stratosphere/graphmining-tutorial.git\";\n    language = Java;\n    name = \"graphmining-tutorial\";\n    objectID = 13444335;\n    openIssuesCount = 1;\n    ownerAvatarURL = \"https://avatars.githubusercontent.com/u/5637455?v=3\";\n    ownerLogin = stratosphere;\n    private = 0;\n    repoDescription = \"\";\n    server = \"<OCTServer: 0x7f8be2e8ddf0> {\\n    baseURL = \\\"<null>\\\";\\n}\";\n    stargazersCount = 1;\n    subscribersCount = 0;\n    textMatches = \"<null>\";\n    watchersCount = 1;\n}",
	        "<OCTRepository: 0x7f8be2d8f500> {\n    HTMLURL = \"https://github.com/stratosphere/stratosphere-tpch\";\n    HTTPSURL = \"https://github.com/stratosphere/stratosphere-tpch.git\";\n    SSHURL = \"git@github.com:stratosphere/stratosphere-tpch.git\";\n    dateCreated = \"2013-10-18 08:59:26 +0000\";\n    datePushed = \"2014-01-27 23:56:37 +0000\";\n    dateUpdated = \"2014-01-27 23:56:38 +0000\";\n    defaultBranch = master;\n    fork = 0;\n    forkParent = \"<null>\";\n    forkSource = \"<null>\";\n    forksCount = 4;\n    gitURL = \"git://github.com/stratosphere/stratosphere-tpch.git\";\n    language = Scala;\n    name = \"stratosphere-tpch\";\n    objectID = 13673524;\n    openIssuesCount = 19;\n    ownerAvatarURL = \"https://avatars.githubusercontent.com/u/5637455?v=3\";\n    ownerLogin = stratosphere;\n    private = 0;\n    repoDescription = \"Implementation of all TPC-H queries for Stratosphere, using Scala\";\n    server = \"<OCTServer: 0x7f8be2e8ddf0> {\\n    baseURL = \\\"<null>\\\";\\n}\";\n    stargazersCount = 1;\n    subscribersCount = 0;\n    textMatches = \"<null>\";\n    watchersCount = 1;\n}",
	        "<OCTRepository: 0x7f8be2d8f5d0> {\n    HTMLURL = \"https://github.com/stratosphere/gilbert\";\n    HTTPSURL = \"https://github.com/stratosphere/gilbert.git\";\n    SSHURL = \"git@github.com:stratosphere/gilbert.git\";\n    dateCreated = \"2013-10-23 13:22:57 +0000\";\n    datePushed = \"2013-12-11 13:42:26 +0000\";\n    dateUpdated = \"2013-12-11 13:42:27 +0000\";\n    defaultBranch = master;\n    fork = 0;\n    forkParent = \"<null>\";\n    forkSource = \"<null>\";\n    forksCount = 0;\n    gitURL = \"git://github.com/stratosphere/gilbert.git\";\n    language = Scala;\n    name = gilbert;\n    objectID = 13803351;\n    openIssuesCount = 0;\n    ownerAvatarURL = \"https://avatars.githubusercontent.com/u/5637455?v=3\";\n    ownerLogin = stratosphere;\n    private = 0;\n    repoDescription = \"\";\n    server = \"<OCTServer: 0x7f8be2e8ddf0> {\\n    baseURL = \\\"<null>\\\";\\n}\";\n    stargazersCount = 1;\n    subscribersCount = 0;\n    textMatches = \"<null>\";\n    watchersCount = 1;\n}",
	        "<OCTRepository: 0x7f8be2d8fff0> {\n    HTMLURL = \"https://github.com/stratosphere/gagarin\";\n    HTTPSURL = \"https://github.com/stratosphere/gagarin.git\";\n    SSHURL = \"git@github.com:stratosphere/gagarin.git\";\n    dateCreated = \"2013-10-24 15:30:36 +0000\";\n    datePushed = \"2013-10-24 16:45:08 +0000\";\n    dateUpdated = \"2013-12-08 11:38:21 +0000\";\n    defaultBranch = master;\n    fork = 0;\n    forkParent = \"<null>\";\n    forkSource = \"<null>\";\n    forksCount = 1;\n    gitURL = \"git://github.com/stratosphere/gagarin.git\";\n    language = Scala;\n    name = gagarin;\n    objectID = 13836125;\n    openIssuesCount = 0;\n    ownerAvatarURL = \"https://avatars.githubusercontent.com/u/5637455?v=3\";\n    ownerLogin = stratosphere;\n    private = 0;\n    repoDescription = \"\";\n    server = \"<OCTServer: 0x7f8be2e8ddf0> {\\n    baseURL = \\\"<null>\\\";\\n}\";\n    stargazersCount = 1;\n    subscribersCount = 0;\n    textMatches = \"<null>\";\n    watchersCount = 1;\n}",
	        "<OCTRepository: 0x7f8be2d904d0> {\n    HTMLURL = \"https://github.com/stratosphere/bigdataclass.org\";\n    HTTPSURL = \"https://github.com/stratosphere/bigdataclass.org.git\";\n    SSHURL = \"git@github.com:stratosphere/bigdataclass.org.git\";\n    dateCreated = \"2013-10-25 07:07:54 +0000\";\n    datePushed = \"2014-07-29 18:02:57 +0000\";\n    dateUpdated = \"2015-11-04 16:44:00 +0000\";\n    defaultBranch = master;\n    fork = 0;\n    forkParent = \"<null>\";\n    forkSource = \"<null>\";\n    forksCount = 12;\n    gitURL = \"git://github.com/stratosphere/bigdataclass.org.git\";\n    language = Java;\n    name = \"bigdataclass.org\";\n    objectID = 13853809;\n    openIssuesCount = 7;\n    ownerAvatarURL = \"https://avatars.githubusercontent.com/u/5637455?v=3\";\n    ownerLogin = stratosphere;\n    private = 0;\n    repoDescription = \"Learn Big Data with Stratosphere\";\n    server = \"<OCTServer: 0x7f8be2e8ddf0> {\\n    baseURL = \\\"<null>\\\";\\n}\";\n    stargazersCount = 8;\n    subscribersCount = 0;\n    textMatches = \"<null>\";\n    watchersCount = 8;\n}",
	        "<OCTRepository: 0x7f8be2d90990> {\n    HTMLURL = \"https://github.com/stratosphere/stratosphere-summit\";\n    HTTPSURL = \"https://github.com/stratosphere/stratosphere-summit.git\";\n    SSHURL = \"git@github.com:stratosphere/stratosphere-summit.git\";\n    dateCreated = \"2013-11-12 13:10:14 +0000\";\n    datePushed = \"2013-11-14 09:33:11 +0000\";\n    dateUpdated = \"2013-11-14 09:33:11 +0000\";\n    defaultBranch = master;\n    fork = 0;\n    forkParent = \"<null>\";\n    forkSource = \"<null>\";\n    forksCount = 0;\n    gitURL = \"git://github.com/stratosphere/stratosphere-summit.git\";\n    language = Scala;\n    name = \"stratosphere-summit\";\n    objectID = 14332437;\n    openIssuesCount = 0;\n    ownerAvatarURL = \"https://avatars.githubusercontent.com/u/5637455?v=3\";\n    ownerLogin = stratosphere;\n    private = 0;\n    repoDescription = \"Repository containing the code for the hands on session at the Stratosphere Summit\";\n    server = \"<OCTServer: 0x7f8be2e8ddf0> {\\n    baseURL = \\\"<null>\\\";\\n}\";\n    stargazersCount = 0;\n    subscribersCount = 0;\n    textMatches = \"<null>\";\n    watchersCount = 0;\n}",
	        "<OCTRepository: 0x7f8be2f6be00> {\n    HTMLURL = \"https://github.com/stratosphere/stratosphere-mongodb-example\";\n    HTTPSURL = \"https://github.com/stratosphere/stratosphere-mongodb-example.git\";\n    SSHURL = \"git@github.com:stratosphere/stratosphere-mongodb-example.git\";\n    dateCreated = \"2014-01-27 10:39:29 +0000\";\n    datePushed = \"2014-02-09 20:09:13 +0000\";\n    dateUpdated = \"2014-02-09 20:09:15 +0000\";\n    defaultBranch = master;\n    fork = 0;\n    forkParent = \"<null>\";\n    forkSource = \"<null>\";\n    forksCount = 0;\n    gitURL = \"git://github.com/stratosphere/stratosphere-mongodb-example.git\";\n    language = Java;\n    name = \"stratosphere-mongodb-example\";\n    objectID = 16276108;\n    openIssuesCount = 0;\n    ownerAvatarURL = \"https://avatars.githubusercontent.com/u/5637455?v=3\";\n    ownerLogin = stratosphere;\n    private = 0;\n    repoDescription = \"Stratosphere example job illustrating the access of MongoDB with Stratosphere\";\n    server = \"<OCTServer: 0x7f8be2e8ddf0> {\\n    baseURL = \\\"<null>\\\";\\n}\";\n    stargazersCount = 0;\n    subscribersCount = 0;\n    textMatches = \"<null>\";\n    watchersCount = 0;\n}",
	        "<OCTRepository: 0x7f8be2f6e350> {\n    HTMLURL = \"https://github.com/stratosphere/stratosphere.github.io\";\n    HTTPSURL = \"https://github.com/stratosphere/stratosphere.github.io.git\";\n    SSHURL = \"git@github.com:stratosphere/stratosphere.github.io.git\";\n    dateCreated = \"2014-02-19 13:24:54 +0000\";\n    datePushed = \"2016-05-15 09:46:45 +0000\";\n    dateUpdated = \"2016-02-04 08:45:54 +0000\";\n    defaultBranch = master;\n    fork = 0;\n    forkParent = \"<null>\";\n    forkSource = \"<null>\";\n    forksCount = 15;\n    gitURL = \"git://github.com/stratosphere/stratosphere.github.io.git\";\n    language = CSS;\n    name = \"stratosphere.github.io\";\n    objectID = 16984902;\n    openIssuesCount = 22;\n    ownerAvatarURL = \"https://avatars.githubusercontent.com/u/5637455?v=3\";\n    ownerLogin = stratosphere;\n    private = 0;\n    repoDescription = \"This repository hosts the stratosphere.eu website.\";\n    server = \"<OCTServer: 0x7f8be2e8ddf0> {\\n    baseURL = \\\"<null>\\\";\\n}\";\n    stargazersCount = 2;\n    subscribersCount = 0;\n    textMatches = \"<null>\";\n    watchersCount = 2;\n}",
	        "<OCTRepository: 0x7f8be2f6e6f0> {\n    HTMLURL = \"https://github.com/stratosphere/stratosphere-experimental\";\n    HTTPSURL = \"https://github.com/stratosphere/stratosphere-experimental.git\";\n    SSHURL = \"git@github.com:stratosphere/stratosphere-experimental.git\";\n    dateCreated = \"2014-03-15 20:40:16 +0000\";\n    datePushed = \"2014-05-06 16:06:25 +0000\";\n    dateUpdated = \"2014-05-06 16:06:48 +0000\";\n    defaultBranch = master;\n    fork = 0;\n    forkParent = \"<null>\";\n    forkSource = \"<null>\";\n    forksCount = 1;\n    gitURL = \"git://github.com/stratosphere/stratosphere-experimental.git\";\n    language = Java;\n    name = \"stratosphere-experimental\";\n    objectID = 17784994;\n    openIssuesCount = 0;\n    ownerAvatarURL = \"https://avatars.githubusercontent.com/u/5637455?v=3\";\n    ownerLogin = stratosphere;\n    private = 0;\n    repoDescription = \"Various artifacts that are not bundled with the core Stratosphere system\";\n    server = \"<OCTServer: 0x7f8be2e8ddf0> {\\n    baseURL = \\\"<null>\\\";\\n}\";\n    stargazersCount = 1;\n    subscribersCount = 0;\n    textMatches = \"<null>\";\n    watchersCount = 1;\n}",
	        "<OCTRepository: 0x7f8be2f6eb50> {\n    HTMLURL = \"https://github.com/stratosphere/procrustes\";\n    HTTPSURL = \"https://github.com/stratosphere/procrustes.git\";\n    SSHURL = \"git@github.com:stratosphere/procrustes.git\";\n    dateCreated = \"2014-09-22 13:40:47 +0000\";\n    datePushed = \"2015-08-06 09:30:39 +0000\";\n    dateUpdated = \"2015-07-17 11:00:08 +0000\";\n    defaultBranch = master;\n    fork = 0;\n    forkParent = \"<null>\";\n    forkSource = \"<null>\";\n    forksCount = 8;\n    gitURL = \"git://github.com/stratosphere/procrustes.git\";\n    language = Java;\n    name = procrustes;\n    objectID = 24330115;\n    openIssuesCount = 6;\n    ownerAvatarURL = \"https://avatars.githubusercontent.com/u/5637455?v=3\";\n    ownerLogin = stratosphere;\n    private = 1;\n    repoDescription = \"A set of experiments for comparing data-parallel systems.\";\n    server = \"<OCTServer: 0x7f8be2e8ddf0> {\\n    baseURL = \\\"<null>\\\";\\n}\";\n    stargazersCount = 0;\n    subscribersCount = 0;\n    textMatches = \"<null>\";\n    watchersCount = 0;\n}",
	        "<OCTRepository: 0x7f8be2cae690> {\n    HTMLURL = \"https://github.com/stratosphere/flink\";\n    HTTPSURL = \"https://github.com/stratosphere/flink.git\";\n    SSHURL = \"git@github.com:stratosphere/flink.git\";\n    dateCreated = \"2015-01-19 11:22:39 +0000\";\n    datePushed = \"2016-03-28 12:15:12 +0000\";\n    dateUpdated = \"2015-03-19 10:54:26 +0000\";\n    defaultBranch = master;\n    fork = 1;\n    forkParent = \"<null>\";\n    forkSource = \"<null>\";\n    forksCount = 1;\n    gitURL = \"git://github.com/stratosphere/flink.git\";\n    language = Java;\n    name = flink;\n    objectID = 29467508;\n    openIssuesCount = 0;\n    ownerAvatarURL = \"https://avatars.githubusercontent.com/u/5637455?v=3\";\n    ownerLogin = stratosphere;\n    private = 0;\n    repoDescription = \"Mirror of Apache Flink\";\n    server = \"<OCTServer: 0x7f8be2e8ddf0> {\\n    baseURL = \\\"<null>\\\";\\n}\";\n    stargazersCount = 0;\n    subscribersCount = 0;\n    textMatches = \"<null>\";\n    watchersCount = 0;\n}",
	        "<OCTRepository: 0x7f8be2caea60> {\n    HTMLURL = \"https://github.com/stratosphere/metadata-ms\";\n    HTTPSURL = \"https://github.com/stratosphere/metadata-ms.git\";\n    SSHURL = \"git@github.com:stratosphere/metadata-ms.git\";\n    dateCreated = \"2015-03-11 15:27:17 +0000\";\n    datePushed = \"2016-05-12 14:56:46 +0000\";\n    dateUpdated = \"2016-01-29 10:00:52 +0000\";\n    defaultBranch = master;\n    fork = 0;\n    forkParent = \"<null>\";\n    forkSource = \"<null>\";\n    forksCount = 2;\n    gitURL = \"git://github.com/stratosphere/metadata-ms.git\";\n    language = Java;\n    name = \"metadata-ms\";\n    objectID = 32025244;\n    openIssuesCount = 2;\n    ownerAvatarURL = \"https://avatars.githubusercontent.com/u/5637455?v=3\";\n    ownerLogin = stratosphere;\n    private = 0;\n    repoDescription = \"A library to store metadata of relational databases including the schema, statistics, and integrity constraints.\";\n    server = \"<OCTServer: 0x7f8be2e8ddf0> {\\n    baseURL = \\\"<null>\\\";\\n}\";\n    stargazersCount = 2;\n    subscribersCount = 0;\n    textMatches = \"<null>\";\n    watchersCount = 2;\n}",
	        "<OCTRepository: 0x7f8be2caad00> {\n    HTMLURL = \"https://github.com/stratosphere/flink-tutorials\";\n    HTTPSURL = \"https://github.com/stratosphere/flink-tutorials.git\";\n    SSHURL = \"git@github.com:stratosphere/flink-tutorials.git\";\n    dateCreated = \"2015-05-07 08:05:32 +0000\";\n    datePushed = \"2016-04-19 13:47:42 +0000\";\n    dateUpdated = \"2016-04-19 13:39:44 +0000\";\n    defaultBranch = master;\n    fork = 0;\n    forkParent = \"<null>\";\n    forkSource = \"<null>\";\n    forksCount = 1;\n    gitURL = \"git://github.com/stratosphere/flink-tutorials.git\";\n    language = \"<null>\";\n    name = \"flink-tutorials\";\n    objectID = 35207047;\n    openIssuesCount = 0;\n    ownerAvatarURL = \"https://avatars.githubusercontent.com/u/5637455?v=3\";\n    ownerLogin = stratosphere;\n    private = 0;\n    repoDescription = \"Repository containing material for Flink tutorials\";\n    server = \"<OCTServer: 0x7f8be2e8ddf0> {\\n    baseURL = \\\"<null>\\\";\\n}\";\n    stargazersCount = 0;\n    subscribersCount = 0;\n    textMatches = \"<null>\";\n    watchersCount = 0;\n}",
	        "<OCTRepository: 0x7f8be2caa8f0> {\n    HTMLURL = \"https://github.com/stratosphere/peelconfig.cloud-7\";\n    HTTPSURL = \"https://github.com/stratosphere/peelconfig.cloud-7.git\";\n    SSHURL = \"git@github.com:stratosphere/peelconfig.cloud-7.git\";\n    dateCreated = \"2015-06-30 08:40:52 +0000\";\n    datePushed = \"2016-03-28 10:02:49 +0000\";\n    dateUpdated = \"2016-02-09 20:48:13 +0000\";\n    defaultBranch = master;\n    fork = 0;\n    forkParent = \"<null>\";\n    forkSource = \"<null>\";\n    forksCount = 1;\n    gitURL = \"git://github.com/stratosphere/peelconfig.cloud-7.git\";\n    language = \"<null>\";\n    name = \"peelconfig.cloud-7\";\n    objectID = 38297843;\n    openIssuesCount = 0;\n    ownerAvatarURL = \"https://avatars.githubusercontent.com/u/5637455?v=3\";\n    ownerLogin = stratosphere;\n    private = 1;\n    repoDescription = \"Reference Peel config for the \\\"cloud-7\\\" DIMA cluster.\";\n    server = \"<OCTServer: 0x7f8be2e8ddf0> {\\n    baseURL = \\\"<null>\\\";\\n}\";\n    stargazersCount = 0;\n    subscribersCount = 0;\n    textMatches = \"<null>\";\n    watchersCount = 0;\n}",
	        "<OCTRepository: 0x7f8be2caf3f0> {\n    HTMLURL = \"https://github.com/stratosphere/peelconfig.cloud-11\";\n    HTTPSURL = \"https://github.com/stratosphere/peelconfig.cloud-11.git\";\n    SSHURL = \"git@github.com:stratosphere/peelconfig.cloud-11.git\";\n    dateCreated = \"2015-06-30 09:29:12 +0000\";\n    datePushed = \"2016-02-14 22:52:55 +0000\";\n    dateUpdated = \"2016-02-09 20:46:47 +0000\";\n    defaultBranch = master;\n    fork = 0;\n    forkParent = \"<null>\";\n    forkSource = \"<null>\";\n    forksCount = 0;\n    gitURL = \"git://github.com/stratosphere/peelconfig.cloud-11.git\";\n    language = \"<null>\";\n    name = \"peelconfig.cloud-11\";\n    objectID = 38300308;\n    openIssuesCount = 0;\n    ownerAvatarURL = \"https://avatars.githubusercontent.com/u/5637455?v=3\";\n    ownerLogin = stratosphere;\n    private = 1;\n    repoDescription = \" Reference Peel config for the \\\"cloud-11\\\" DIMA cluster.\";\n    server = \"<OCTServer: 0x7f8be2e8ddf0> {\\n    baseURL = \\\"<null>\\\";\\n}\";\n    stargazersCount = 0;\n    subscribersCount = 0;\n    textMatches = \"<null>\";\n    watchersCount = 0;\n}",
	        "<OCTRepository: 0x7f8be2caf970> {\n    HTMLURL = \"https://github.com/stratosphere/tamara-msc-thesis\";\n    HTTPSURL = \"https://github.com/stratosphere/tamara-msc-thesis.git\";\n    SSHURL = \"git@github.com:stratosphere/tamara-msc-thesis.git\";\n    dateCreated = \"2015-07-01 12:09:04 +0000\";\n    datePushed = \"2015-07-01 18:21:11 +0000\";\n    dateUpdated = \"2015-07-01 14:45:20 +0000\";\n    defaultBranch = master;\n    fork = 0;\n    forkParent = \"<null>\";\n    forkSource = \"<null>\";\n    forksCount = 3;\n    gitURL = \"git://github.com/stratosphere/tamara-msc-thesis.git\";\n    language = Java;\n    name = \"tamara-msc-thesis\";\n    objectID = 38369159;\n    openIssuesCount = 0;\n    ownerAvatarURL = \"https://avatars.githubusercontent.com/u/5637455?v=3\";\n    ownerLogin = stratosphere;\n    private = 0;\n    repoDescription = \"Peel bundle with experiments for FLINK-1297.\";\n    server = \"<OCTServer: 0x7f8be2e8ddf0> {\\n    baseURL = \\\"<null>\\\";\\n}\";\n    stargazersCount = 0;\n    subscribersCount = 0;\n    textMatches = \"<null>\";\n    watchersCount = 0;\n}",
	        "<OCTRepository: 0x7f8be2e8dbf0> {\n    HTMLURL = \"https://github.com/stratosphere/peelconfig.wally\";\n    HTTPSURL = \"https://github.com/stratosphere/peelconfig.wally.git\";\n    SSHURL = \"git@github.com:stratosphere/peelconfig.wally.git\";\n    dateCreated = \"2015-07-02 16:05:48 +0000\";\n    datePushed = \"2016-02-05 16:16:24 +0000\";\n    dateUpdated = \"2016-02-05 16:16:25 +0000\";\n    defaultBranch = master;\n    fork = 0;\n    forkParent = \"<null>\";\n    forkSource = \"<null>\";\n    forksCount = 0;\n    gitURL = \"git://github.com/stratosphere/peelconfig.wally.git\";\n    language = \"<null>\";\n    name = \"peelconfig.wally\";\n    objectID = 38442693;\n    openIssuesCount = 0;\n    ownerAvatarURL = \"https://avatars.githubusercontent.com/u/5637455?v=3\";\n    ownerLogin = stratosphere;\n    private = 1;\n    repoDescription = \" Reference Peel config for the \\\"wally\\\" cluster.\";\n    server = \"<OCTServer: 0x7f8be2e8ddf0> {\\n    baseURL = \\\"<null>\\\";\\n}\";\n    stargazersCount = 0;\n    subscribersCount = 0;\n    textMatches = \"<null>\";\n    watchersCount = 0;\n}",
	        "<OCTRepository: 0x7f8be2f6efc0> {\n    HTMLURL = \"https://github.com/stratosphere/spark\";\n    HTTPSURL = \"https://github.com/stratosphere/spark.git\";\n    SSHURL = \"git@github.com:stratosphere/spark.git\";\n    dateCreated = \"2015-11-03 13:58:21 +0000\";\n    datePushed = \"2016-02-10 09:11:42 +0000\";\n    dateUpdated = \"2015-11-03 13:58:53 +0000\";\n    defaultBranch = master;\n    fork = 1;\n    forkParent = \"<null>\";\n    forkSource = \"<null>\";\n    forksCount = 0;\n    gitURL = \"git://github.com/stratosphere/spark.git\";\n    language = Scala;\n    name = spark;\n    objectID = 45469952;\n    openIssuesCount = 0;\n    ownerAvatarURL = \"https://avatars.githubusercontent.com/u/5637455?v=3\";\n    ownerLogin = stratosphere;\n    private = 0;\n    repoDescription = \"Mirror of Apache Spark\";\n    server = \"<OCTServer: 0x7f8be2e8ddf0> {\\n    baseURL = \\\"<null>\\\";\\n}\";\n    stargazersCount = 0;\n    subscribersCount = 0;\n    textMatches = \"<null>\";\n    watchersCount = 0;\n}",
	        "<OCTRepository: 0x7f8be2f6f400> {\n    HTMLURL = \"https://github.com/stratosphere/coheel\";\n    HTTPSURL = \"https://github.com/stratosphere/coheel.git\";\n    SSHURL = \"git@github.com:stratosphere/coheel.git\";\n    dateCreated = \"2015-11-18 12:56:56 +0000\";\n    datePushed = \"2016-02-19 17:16:43 +0000\";\n    dateUpdated = \"2016-04-19 20:36:04 +0000\";\n    defaultBranch = master;\n    fork = 0;\n    forkParent = \"<null>\";\n    forkSource = \"<null>\";\n    forksCount = 2;\n    gitURL = \"git://github.com/stratosphere/coheel.git\";\n    language = Scala;\n    name = coheel;\n    objectID = 46418748;\n    openIssuesCount = 0;\n    ownerAvatarURL = \"https://avatars.githubusercontent.com/u/5637455?v=3\";\n    ownerLogin = stratosphere;\n    private = 0;\n    repoDescription = \"A library for the automatic detection and disambiguation of knowledge base entity mentions in texts.\";\n    server = \"<OCTServer: 0x7f8be2e8ddf0> {\\n    baseURL = \\\"<null>\\\";\\n}\";\n    stargazersCount = 3;\n    subscribersCount = 0;\n    textMatches = \"<null>\";\n    watchersCount = 3;\n}",
	        "<OCTRepository: 0x7f8be2f6f8f0> {\n    HTMLURL = \"https://github.com/stratosphere/metadata-ms-on-zeppelin\";\n    HTTPSURL = \"https://github.com/stratosphere/metadata-ms-on-zeppelin.git\";\n    SSHURL = \"git@github.com:stratosphere/metadata-ms-on-zeppelin.git\";\n    dateCreated = \"2016-01-31 21:00:34 +0000\";\n    datePushed = \"2016-01-31 21:21:41 +0000\";\n    dateUpdated = \"2016-01-31 21:21:43 +0000\";\n    defaultBranch = master;\n    fork = 0;\n    forkParent = \"<null>\";\n    forkSource = \"<null>\";\n    forksCount = 0;\n    gitURL = \"git://github.com/stratosphere/metadata-ms-on-zeppelin.git\";\n    language = Java;\n    name = \"metadata-ms-on-zeppelin\";\n    objectID = 50794968;\n    openIssuesCount = 0;\n    ownerAvatarURL = \"https://avatars.githubusercontent.com/u/5637455?v=3\";\n    ownerLogin = stratosphere;\n    private = 0;\n    repoDescription = \"Interpreter of the Metadata Management System for Apache Zeppelin \";\n    server = \"<OCTServer: 0x7f8be2e8ddf0> {\\n    baseURL = \\\"<null>\\\";\\n}\";\n    stargazersCount = 0;\n    subscribersCount = 0;\n    textMatches = \"<null>\";\n    watchersCount = 0;\n}",
	        "<OCTRepository: 0x7f8be2e68be0> {\n    HTMLURL = \"https://github.com/stratosphere/incubator-systemml\";\n    HTTPSURL = \"https://github.com/stratosphere/incubator-systemml.git\";\n    SSHURL = \"git@github.com:stratosphere/incubator-systemml.git\";\n    dateCreated = \"2016-02-17 16:50:22 +0000\";\n    datePushed = \"2016-05-19 09:53:20 +0000\";\n    dateUpdated = \"2016-05-19 20:31:55 +0000\";\n    defaultBranch = master;\n    fork = 1;\n    forkParent = \"<null>\";\n    forkSource = \"<null>\";\n    forksCount = 3;\n    gitURL = \"git://github.com/stratosphere/incubator-systemml.git\";\n    language = Java;\n    name = \"incubator-systemml\";\n    objectID = 51938712;\n    openIssuesCount = 8;\n    ownerAvatarURL = \"https://avatars.githubusercontent.com/u/5637455?v=3\";\n    ownerLogin = stratosphere;\n    private = 0;\n    repoDescription = \"Mirror of Apache SystemML (Incubating)\";\n    server = \"<OCTServer: 0x7f8be2e8ddf0> {\\n    baseURL = \\\"<null>\\\";\\n}\";\n    stargazersCount = 1;\n    subscribersCount = 0;\n    textMatches = \"<null>\";\n    watchersCount = 1;\n}",
	        "<OCTRepository: 0x7f8be2e9ed80> {\n    HTMLURL = \"https://github.com/stratosphere/mdms-on-jupyter\";\n    HTTPSURL = \"https://github.com/stratosphere/mdms-on-jupyter.git\";\n    SSHURL = \"git@github.com:stratosphere/mdms-on-jupyter.git\";\n    dateCreated = \"2016-02-22 17:13:23 +0000\";\n    datePushed = \"2016-04-12 14:40:31 +0000\";\n    dateUpdated = \"2016-03-03 18:41:12 +0000\";\n    defaultBranch = master;\n    fork = 0;\n    forkParent = \"<null>\";\n    forkSource = \"<null>\";\n    forksCount = 0;\n    gitURL = \"git://github.com/stratosphere/mdms-on-jupyter.git\";\n    language = \"Jupyter Notebook\";\n    name = \"mdms-on-jupyter\";\n    objectID = 52290428;\n    openIssuesCount = 0;\n    ownerAvatarURL = \"https://avatars.githubusercontent.com/u/5637455?v=3\";\n    ownerLogin = stratosphere;\n    private = 0;\n    repoDescription = \"Client for the MDMS on Jupyter\";\n    server = \"<OCTServer: 0x7f8be2e8ddf0> {\\n    baseURL = \\\"<null>\\\";\\n}\";\n    stargazersCount = 1;\n    subscribersCount = 0;\n    textMatches = \"<null>\";\n    watchersCount = 1;\n}",
	        "<OCTRepository: 0x7f8be2e9fc80> {\n    HTMLURL = \"https://github.com/stratosphere/peelconfig.ibm-power-1\";\n    HTTPSURL = \"https://github.com/stratosphere/peelconfig.ibm-power-1.git\";\n    SSHURL = \"git@github.com:stratosphere/peelconfig.ibm-power-1.git\";\n    dateCreated = \"2016-04-18 08:47:35 +0000\";\n    datePushed = \"2016-05-15 20:40:22 +0000\";\n    dateUpdated = \"2016-04-18 08:47:35 +0000\";\n    defaultBranch = master;\n    fork = 0;\n    forkParent = \"<null>\";\n    forkSource = \"<null>\";\n    forksCount = 0;\n    gitURL = \"git://github.com/stratosphere/peelconfig.ibm-power-1.git\";\n    language = \"<null>\";\n    name = \"peelconfig.ibm-power-1\";\n    objectID = 56491831;\n    openIssuesCount = 0;\n    ownerAvatarURL = \"https://avatars.githubusercontent.com/u/5637455?v=3\";\n    ownerLogin = stratosphere;\n    private = 1;\n    repoDescription = \" Reference Peel config for the \\\"IBM\\\" DIMA cluster. \";\n    server = \"<OCTServer: 0x7f8be2e8ddf0> {\\n    baseURL = \\\"<null>\\\";\\n}\";\n    stargazersCount = 0;\n    subscribersCount = 0;\n    textMatches = \"<null>\";\n    watchersCount = 0;\n}"
	    );
	    server = "<OCTServer: 0x7f8be2d86d70> {\n    baseURL = \"<null>\";\n}";
	    teams =     (
	        "Benchmarking Collaborators ",
	        tutorials,
	        systemml,
	        "cloud-7 users"
	    );
	}: NSError { domain: MTLModelErrorDomain, code: 1, description: "[<OCTOrganization 0x7f8be5f519e0> setNilValueForKey]: could not set nil as the value for the key diskUsage.", userInfo: {
	    MTLModelThrownException = "[<OCTOrganization 0x7f8be5f519e0> setNilValueForKey]: could not set nil as the value for the key diskUsage.";
	    NSLocalizedFailureReason = "[<OCTOrganization 0x7f8be5f519e0> setNilValueForKey]: could not set nil as the value for the key diskUsage.";
	} }
Sep 18 11:51:54 Alexandru-Petrisors-MacBook-Air networkd[214]: -[NETProxyLookup pacLookupComplete:proxies:error:] PAC evaluation error: Error Domain=kCFErrorDomainCFNetwork Code=2 "(null)" UserInfo={kCFGetAddrInfoFailureKey=8}
Sep 18 11:51:55 Alexandru-Petrisors-MacBook-Air airportd[67]: SecTaskLoadEntitlements failed error=22
Sep 18 11:51:55 --- last message repeated 1 time ---
Sep 18 11:51:55 Alexandru-Petrisors-MacBook-Air Opera Helper[5400]: CGAffineTransformInvert: singular matrix.
